<!DOCTYPE html PUBLIC "-//W3C//DTD XHTML 1.1//EN" "http://www.w3.org/TR/xhtml11/DTD/xhtml11.dtd">
<html xmlns="http://www.w3.org/1999/xhtml"><head><title>TestNG Report</title><style type="text/css">table {margin-bottom:10px;border-collapse:collapse;empty-cells:show}th,td {border:1px solid #009;padding:.25em .5em}th {vertical-align:bottom}td {vertical-align:top}table a {font-weight:bold}.stripe td {background-color: #E6EBF9}.num {text-align:right}.passedodd td {background-color: #3F3}.passedeven td {background-color: #0A0}.skippedodd td {background-color: #DDD}.skippedeven td {background-color: #CCC}.failedodd td,.attn {background-color: #F33}.failedeven td,.stripe .attn {background-color: #D00}.stacktrace {white-space:pre;font-family:monospace}.totop {font-size:85%;text-align:center;border-bottom:2px solid #000}</style></head><body><table><tr><th>Test</th><th># Passed</th><th># Skipped</th><th># Failed</th><th>Time (ms)</th><th>Included Groups</th><th>Excluded Groups</th></tr><tr><th colspan="7">End2End</th></tr><tr><td><a href="#t0">Test</a></td><td class="num">17</td><td class="num">0</td><td class="num attn">5</td><td class="num">405 034</td><td></td><td></td></tr></table><table><thead><tr><th>Class</th><th>Method</th><th>Start</th><th>Time (ms)</th></tr></thead><tbody><tr><th colspan="4">End2End</th></tr></tbody><tbody id="t0"><tr><th colspan="4">Test &#8212; failed</th></tr><tr class="failedeven"><td rowspan="5">com.classiccrm.testcases.LoginPageTest</td><td><a href="#m0">testLogin</a></td><td rowspan="5">1554464135614</td><td rowspan="5">1885</td></tr><tr class="failedeven"><td><a href="#m1">testLogin</a></td></tr><tr class="failedeven"><td><a href="#m2">testLogin</a></td></tr><tr class="failedeven"><td><a href="#m3">testLogin</a></td></tr><tr class="failedeven"><td><a href="#m4">testLogin</a></td></tr><tr><th colspan="4">Test &#8212; passed</th></tr><tr class="passedeven"><td rowspan="10">com.classiccrm.testcases.ContactPageTest</td><td><a href="#m5">testAddContact</a></td><td rowspan="10">1554464321273</td><td rowspan="10">7516</td></tr><tr class="passedeven"><td><a href="#m6">testAddContact</a></td></tr><tr class="passedeven"><td><a href="#m7">testAddContact</a></td></tr><tr class="passedeven"><td><a href="#m8">testAddContact</a></td></tr><tr class="passedeven"><td><a href="#m9">testAddContact</a></td></tr><tr class="passedeven"><td><a href="#m10">testAddContact</a></td></tr><tr class="passedeven"><td><a href="#m11">testAddContact</a></td></tr><tr class="passedeven"><td><a href="#m12">testAddContact</a></td></tr><tr class="passedeven"><td><a href="#m13">testAddContact</a></td></tr><tr class="passedeven"><td><a href="#m14">testAddContact</a></td></tr><tr class="passedodd"><td rowspan="5">com.classiccrm.testcases.HomePageTest</td><td><a href="#m15">loginTest</a></td><td rowspan="2">1554464065831</td><td rowspan="2">4998</td></tr><tr class="passedodd"><td><a href="#m16">loginTest</a></td></tr><tr class="passedodd"><td><a href="#m17">logoTest</a></td><td rowspan="1">1554464050824</td><td rowspan="1">41</td></tr><tr class="passedodd"><td><a href="#m18">titleTest</a></td><td rowspan="1">1554464036040</td><td rowspan="1">10</td></tr><tr class="passedodd"><td><a href="#m19">urlTest</a></td><td rowspan="1">1554464021903</td><td rowspan="1">7</td></tr><tr class="passedeven"><td rowspan="2">com.classiccrm.testcases.LoginPageTest</td><td><a href="#m20">testLogin</a></td><td rowspan="2">1554464166614</td><td rowspan="2">4718</td></tr><tr class="passedeven"><td><a href="#m21">testLogin</a></td></tr></tbody></table><h2>Test</h2><h3 id="m0">com.classiccrm.testcases.LoginPageTest#testLogin</h3><table class="result"><tr class="param"><th>Parameter #1</th><th>Parameter #2</th></tr><tr class="param stripe"><td>rahaouitesting</td><td>incorrect_password</td></tr><tr><th colspan="2">Exception</th></tr><tr><td colspan="2"><div class="stacktrace">org.openqa.selenium.NoSuchFrameException: No frame element found by name or id mainpanel
Build info: version: &apos;3.13.0&apos;, revision: &apos;2f0d292&apos;, time: &apos;2018-06-25T15:24:21.231Z&apos;
System info: host: &apos;BILAL-PC&apos;, ip: &apos;192.168.1.6&apos;, os.name: &apos;Windows 10&apos;, os.arch: &apos;amd64&apos;, os.version: &apos;10.0&apos;, java.version: &apos;11.0.1&apos;
Driver info: driver.version: unknown
	at org.openqa.selenium.remote.RemoteWebDriver$RemoteTargetLocator.frame(RemoteWebDriver.java:881)
	at org.openqa.selenium.support.events.EventFiringWebDriver$EventFiringTargetLocator.frame(EventFiringWebDriver.java:701)
	at com.classiccrm.testcases.HomePageTest.loginTest(HomePageTest.java:60)
	at com.classiccrm.testcases.LoginPageTest.testLogin(LoginPageTest.java:29)
... Removed 28 stack frames</div></td></tr></table><p class="totop"><a href="#summary">back to summary</a></p><h3 id="m1">com.classiccrm.testcases.LoginPageTest#testLogin</h3><table class="result"><tr class="param"><th>Parameter #1</th><th>Parameter #2</th></tr><tr class="param stripe"><td>hat2003</td><td>incorrect_password</td></tr><tr><th colspan="2">Exception</th></tr><tr><td colspan="2"><div class="stacktrace">org.openqa.selenium.NoSuchFrameException: No frame element found by name or id mainpanel
Build info: version: &apos;3.13.0&apos;, revision: &apos;2f0d292&apos;, time: &apos;2018-06-25T15:24:21.231Z&apos;
System info: host: &apos;BILAL-PC&apos;, ip: &apos;192.168.1.6&apos;, os.name: &apos;Windows 10&apos;, os.arch: &apos;amd64&apos;, os.version: &apos;10.0&apos;, java.version: &apos;11.0.1&apos;
Driver info: driver.version: unknown
	at org.openqa.selenium.remote.RemoteWebDriver$RemoteTargetLocator.frame(RemoteWebDriver.java:881)
	at org.openqa.selenium.support.events.EventFiringWebDriver$EventFiringTargetLocator.frame(EventFiringWebDriver.java:701)
	at com.classiccrm.testcases.HomePageTest.loginTest(HomePageTest.java:60)
	at com.classiccrm.testcases.LoginPageTest.testLogin(LoginPageTest.java:29)
... Removed 28 stack frames</div></td></tr></table><p class="totop"><a href="#summary">back to summary</a></p><h3 id="m2">com.classiccrm.testcases.LoginPageTest#testLogin</h3><table class="result"><tr class="param"><th>Parameter #1</th><th>Parameter #2</th></tr><tr class="param stripe"><td>Incorrectuser</td><td>incorrect_password</td></tr><tr><th colspan="2">Exception</th></tr><tr><td colspan="2"><div class="stacktrace">org.openqa.selenium.NoSuchFrameException: No frame element found by name or id mainpanel
Build info: version: &apos;3.13.0&apos;, revision: &apos;2f0d292&apos;, time: &apos;2018-06-25T15:24:21.231Z&apos;
System info: host: &apos;BILAL-PC&apos;, ip: &apos;192.168.1.6&apos;, os.name: &apos;Windows 10&apos;, os.arch: &apos;amd64&apos;, os.version: &apos;10.0&apos;, java.version: &apos;11.0.1&apos;
Driver info: driver.version: unknown
	at org.openqa.selenium.remote.RemoteWebDriver$RemoteTargetLocator.frame(RemoteWebDriver.java:881)
	at org.openqa.selenium.support.events.EventFiringWebDriver$EventFiringTargetLocator.frame(EventFiringWebDriver.java:701)
	at com.classiccrm.testcases.HomePageTest.loginTest(HomePageTest.java:60)
	at com.classiccrm.testcases.LoginPageTest.testLogin(LoginPageTest.java:29)
... Removed 28 stack frames</div></td></tr></table><p class="totop"><a href="#summary">back to summary</a></p><h3 id="m3">com.classiccrm.testcases.LoginPageTest#testLogin</h3><table class="result"><tr class="param"><th>Parameter #1</th><th>Parameter #2</th></tr><tr class="param stripe"><td>Incorrectuser</td><td>Test@123</td></tr><tr><th colspan="2">Exception</th></tr><tr><td colspan="2"><div class="stacktrace">org.openqa.selenium.NoSuchFrameException: No frame element found by name or id mainpanel
Build info: version: &apos;3.13.0&apos;, revision: &apos;2f0d292&apos;, time: &apos;2018-06-25T15:24:21.231Z&apos;
System info: host: &apos;BILAL-PC&apos;, ip: &apos;192.168.1.6&apos;, os.name: &apos;Windows 10&apos;, os.arch: &apos;amd64&apos;, os.version: &apos;10.0&apos;, java.version: &apos;11.0.1&apos;
Driver info: driver.version: unknown
	at org.openqa.selenium.remote.RemoteWebDriver$RemoteTargetLocator.frame(RemoteWebDriver.java:881)
	at org.openqa.selenium.support.events.EventFiringWebDriver$EventFiringTargetLocator.frame(EventFiringWebDriver.java:701)
	at com.classiccrm.testcases.HomePageTest.loginTest(HomePageTest.java:60)
	at com.classiccrm.testcases.LoginPageTest.testLogin(LoginPageTest.java:29)
... Removed 28 stack frames</div></td></tr></table><p class="totop"><a href="#summary">back to summary</a></p><h3 id="m4">com.classiccrm.testcases.LoginPageTest#testLogin</h3><table class="result"><tr class="param"><th>Parameter #1</th><th>Parameter #2</th></tr><tr class="param stripe"><td>Incorrectuser</td><td>Bmn123456</td></tr><tr><th colspan="2">Exception</th></tr><tr><td colspan="2"><div class="stacktrace">org.openqa.selenium.NoSuchFrameException: No frame element found by name or id mainpanel
Build info: version: &apos;3.13.0&apos;, revision: &apos;2f0d292&apos;, time: &apos;2018-06-25T15:24:21.231Z&apos;
System info: host: &apos;BILAL-PC&apos;, ip: &apos;192.168.1.6&apos;, os.name: &apos;Windows 10&apos;, os.arch: &apos;amd64&apos;, os.version: &apos;10.0&apos;, java.version: &apos;11.0.1&apos;
Driver info: driver.version: unknown
	at org.openqa.selenium.remote.RemoteWebDriver$RemoteTargetLocator.frame(RemoteWebDriver.java:881)
	at org.openqa.selenium.support.events.EventFiringWebDriver$EventFiringTargetLocator.frame(EventFiringWebDriver.java:701)
	at com.classiccrm.testcases.HomePageTest.loginTest(HomePageTest.java:60)
	at com.classiccrm.testcases.LoginPageTest.testLogin(LoginPageTest.java:29)
... Removed 28 stack frames</div></td></tr></table><p class="totop"><a href="#summary">back to summary</a></p><h3 id="m5">com.classiccrm.testcases.ContactPageTest#testAddContact</h3><table class="result"><tr class="param"><th>Parameter #1</th><th>Parameter #2</th><th>Parameter #3</th><th>Parameter #4</th></tr><tr class="param stripe"><td>Clemence</td><td>Akred</td><td>Centidel</td><td>Legal</td></tr></table><p class="totop"><a href="#summary">back to summary</a></p><h3 id="m6">com.classiccrm.testcases.ContactPageTest#testAddContact</h3><table class="result"><tr class="param"><th>Parameter #1</th><th>Parameter #2</th><th>Parameter #3</th><th>Parameter #4</th></tr><tr class="param stripe"><td>Mella</td><td>Duval</td><td>Aivee</td><td>Legal</td></tr></table><p class="totop"><a href="#summary">back to summary</a></p><h3 id="m7">com.classiccrm.testcases.ContactPageTest#testAddContact</h3><table class="result"><tr class="param"><th>Parameter #1</th><th>Parameter #2</th><th>Parameter #3</th><th>Parameter #4</th></tr><tr class="param stripe"><td>Lion</td><td>Scaddon</td><td>Jayo</td><td>Business Development</td></tr></table><p class="totop"><a href="#summary">back to summary</a></p><h3 id="m8">com.classiccrm.testcases.ContactPageTest#testAddContact</h3><table class="result"><tr class="param"><th>Parameter #1</th><th>Parameter #2</th><th>Parameter #3</th><th>Parameter #4</th></tr><tr class="param stripe"><td>Alberto</td><td>Colleck</td><td>Vipe</td><td>Training</td></tr></table><p class="totop"><a href="#summary">back to summary</a></p><h3 id="m9">com.classiccrm.testcases.ContactPageTest#testAddContact</h3><table class="result"><tr class="param"><th>Parameter #1</th><th>Parameter #2</th><th>Parameter #3</th><th>Parameter #4</th></tr><tr class="param stripe"><td>Jsandye</td><td>Bustard</td><td>Voonder</td><td>Engineering</td></tr></table><p class="totop"><a href="#summary">back to summary</a></p><h3 id="m10">com.classiccrm.testcases.ContactPageTest#testAddContact</h3><table class="result"><tr class="param"><th>Parameter #1</th><th>Parameter #2</th><th>Parameter #3</th><th>Parameter #4</th></tr><tr class="param stripe"><td>Viola</td><td>Stenyng</td><td>Divanoodle</td><td>Accounting</td></tr></table><p class="totop"><a href="#summary">back to summary</a></p><h3 id="m11">com.classiccrm.testcases.ContactPageTest#testAddContact</h3><table class="result"><tr class="param"><th>Parameter #1</th><th>Parameter #2</th><th>Parameter #3</th><th>Parameter #4</th></tr><tr class="param stripe"><td>Giacinta</td><td>Broadbere</td><td>Yakitri</td><td>Support</td></tr></table><p class="totop"><a href="#summary">back to summary</a></p><h3 id="m12">com.classiccrm.testcases.ContactPageTest#testAddContact</h3><table class="result"><tr class="param"><th>Parameter #1</th><th>Parameter #2</th><th>Parameter #3</th><th>Parameter #4</th></tr><tr class="param stripe"><td>Perry</td><td>Gozzard</td><td>Zooveo</td><td>Engineering</td></tr></table><p class="totop"><a href="#summary">back to summary</a></p><h3 id="m13">com.classiccrm.testcases.ContactPageTest#testAddContact</h3><table class="result"><tr class="param"><th>Parameter #1</th><th>Parameter #2</th><th>Parameter #3</th><th>Parameter #4</th></tr><tr class="param stripe"><td>Barnaby</td><td>Joselevitz</td><td>Feednation</td><td>Services</td></tr></table><p class="totop"><a href="#summary">back to summary</a></p><h3 id="m14">com.classiccrm.testcases.ContactPageTest#testAddContact</h3><table class="result"><tr class="param"><th>Parameter #1</th><th>Parameter #2</th><th>Parameter #3</th><th>Parameter #4</th></tr><tr class="param stripe"><td>Welbie</td><td>Markey</td><td>Zoombox</td><td>Training</td></tr></table><p class="totop"><a href="#summary">back to summary</a></p><h3 id="m15">com.classiccrm.testcases.HomePageTest#loginTest</h3><table class="result"><tr class="param"><th>Parameter #1</th><th>Parameter #2</th></tr><tr class="param stripe"><td>rahaouitesting</td><td>Bmn123456</td></tr></table><p class="totop"><a href="#summary">back to summary</a></p><h3 id="m16">com.classiccrm.testcases.HomePageTest#loginTest</h3><table class="result"><tr class="param"><th>Parameter #1</th><th>Parameter #2</th></tr><tr class="param stripe"><td>hat2003</td><td>Test@123</td></tr></table><p class="totop"><a href="#summary">back to summary</a></p><h3 id="m17">com.classiccrm.testcases.HomePageTest#logoTest</h3><table class="result"></table><p class="totop"><a href="#summary">back to summary</a></p><h3 id="m18">com.classiccrm.testcases.HomePageTest#titleTest</h3><table class="result"></table><p class="totop"><a href="#summary">back to summary</a></p><h3 id="m19">com.classiccrm.testcases.HomePageTest#urlTest</h3><table class="result"></table><p class="totop"><a href="#summary">back to summary</a></p><h3 id="m20">com.classiccrm.testcases.LoginPageTest#testLogin</h3><table class="result"><tr class="param"><th>Parameter #1</th><th>Parameter #2</th></tr><tr class="param stripe"><td>hat2003</td><td>Test@123</td></tr></table><p class="totop"><a href="#summary">back to summary</a></p><h3 id="m21">com.classiccrm.testcases.LoginPageTest#testLogin</h3><table class="result"><tr class="param"><th>Parameter #1</th><th>Parameter #2</th></tr><tr class="param stripe"><td>rahaouitesting</td><td>Bmn123456</td></tr></table><p class="totop"><a href="#summary">back to summary</a></p></body></html>