<?xml version="1.0" encoding="UTF-8"?>
<testng-results total="22" passed="17" failed="5" skipped="0">
  <reporter-output>
  </reporter-output>
  <suite started-at="2019-04-05T11:33:27Z" name="End2End" finished-at="2019-04-05T11:40:12Z" duration-ms="405034">
    <groups>
    </groups>
    <test started-at="2019-04-05T11:33:27Z" name="Test" finished-at="2019-04-05T11:40:12Z" duration-ms="405034">
      <class name="com.classiccrm.testcases.HomePageTest">
        <test-method is-config="true" signature="lanchBrowser(java.lang.String, java.lang.String)[pri:0, instance:com.classiccrm.testcases.HomePageTest@57d7f8ca]" started-at="2019-04-05T13:33:27Z" name="lanchBrowser" finished-at="2019-04-05T13:33:41Z" duration-ms="13955" status="PASS">
          <params>
            <param index="0">
              <value>
                <![CDATA[https://classic.crmpro.com/index.html]]>
              </value>
            </param>
            <param index="1">
              <value>
                <![CDATA[firefox]]>
              </value>
            </param>
          </params>
          <reporter-output>
          </reporter-output>
        </test-method> <!-- lanchBrowser -->
        <test-method signature="urlTest()[pri:0, instance:com.classiccrm.testcases.HomePageTest@57d7f8ca]" started-at="2019-04-05T13:33:41Z" name="urlTest" finished-at="2019-04-05T13:33:41Z" duration-ms="7" status="PASS">
          <reporter-output>
          </reporter-output>
        </test-method> <!-- urlTest -->
        <test-method is-config="true" signature="drop()[pri:0, instance:com.classiccrm.testcases.HomePageTest@57d7f8ca]" started-at="2019-04-05T13:33:41Z" name="drop" finished-at="2019-04-05T13:33:44Z" duration-ms="2814" status="PASS">
          <reporter-output>
          </reporter-output>
        </test-method> <!-- drop -->
        <test-method is-config="true" signature="lanchBrowser(java.lang.String, java.lang.String)[pri:0, instance:com.classiccrm.testcases.HomePageTest@57d7f8ca]" started-at="2019-04-05T13:33:44Z" name="lanchBrowser" finished-at="2019-04-05T13:33:56Z" duration-ms="11315" status="PASS">
          <params>
            <param index="0">
              <value>
                <![CDATA[https://classic.crmpro.com/index.html]]>
              </value>
            </param>
            <param index="1">
              <value>
                <![CDATA[firefox]]>
              </value>
            </param>
          </params>
          <reporter-output>
          </reporter-output>
        </test-method> <!-- lanchBrowser -->
        <test-method signature="titleTest()[pri:0, instance:com.classiccrm.testcases.HomePageTest@57d7f8ca]" started-at="2019-04-05T13:33:56Z" name="titleTest" finished-at="2019-04-05T13:33:56Z" duration-ms="10" status="PASS">
          <reporter-output>
          </reporter-output>
        </test-method> <!-- titleTest -->
        <test-method is-config="true" signature="drop()[pri:0, instance:com.classiccrm.testcases.HomePageTest@57d7f8ca]" started-at="2019-04-05T13:33:56Z" name="drop" finished-at="2019-04-05T13:33:58Z" duration-ms="2141" status="PASS">
          <reporter-output>
          </reporter-output>
        </test-method> <!-- drop -->
        <test-method is-config="true" signature="lanchBrowser(java.lang.String, java.lang.String)[pri:0, instance:com.classiccrm.testcases.HomePageTest@57d7f8ca]" started-at="2019-04-05T13:33:58Z" name="lanchBrowser" finished-at="2019-04-05T13:34:10Z" duration-ms="12633" status="PASS">
          <params>
            <param index="0">
              <value>
                <![CDATA[https://classic.crmpro.com/index.html]]>
              </value>
            </param>
            <param index="1">
              <value>
                <![CDATA[firefox]]>
              </value>
            </param>
          </params>
          <reporter-output>
          </reporter-output>
        </test-method> <!-- lanchBrowser -->
        <test-method signature="logoTest()[pri:0, instance:com.classiccrm.testcases.HomePageTest@57d7f8ca]" started-at="2019-04-05T13:34:10Z" name="logoTest" finished-at="2019-04-05T13:34:10Z" duration-ms="41" status="PASS">
          <reporter-output>
          </reporter-output>
        </test-method> <!-- logoTest -->
        <test-method is-config="true" signature="drop()[pri:0, instance:com.classiccrm.testcases.HomePageTest@57d7f8ca]" started-at="2019-04-05T13:34:10Z" name="drop" finished-at="2019-04-05T13:34:13Z" duration-ms="2948" status="PASS">
          <reporter-output>
          </reporter-output>
        </test-method> <!-- drop -->
        <test-method is-config="true" signature="lanchBrowser(java.lang.String, java.lang.String)[pri:0, instance:com.classiccrm.testcases.HomePageTest@57d7f8ca]" started-at="2019-04-05T13:34:14Z" name="lanchBrowser" finished-at="2019-04-05T13:34:25Z" duration-ms="11455" status="PASS">
          <params>
            <param index="0">
              <value>
                <![CDATA[https://classic.crmpro.com/index.html]]>
              </value>
            </param>
            <param index="1">
              <value>
                <![CDATA[firefox]]>
              </value>
            </param>
          </params>
          <reporter-output>
          </reporter-output>
        </test-method> <!-- lanchBrowser -->
        <test-method signature="loginTest(java.lang.String, java.lang.String)[pri:0, instance:com.classiccrm.testcases.HomePageTest@57d7f8ca]" started-at="2019-04-05T13:34:25Z" name="loginTest" data-provider="validLogin" finished-at="2019-04-05T13:34:30Z" duration-ms="4998" status="PASS">
          <params>
            <param index="0">
              <value>
                <![CDATA[rahaouitesting]]>
              </value>
            </param>
            <param index="1">
              <value>
                <![CDATA[Bmn123456]]>
              </value>
            </param>
          </params>
          <reporter-output>
          </reporter-output>
        </test-method> <!-- loginTest -->
        <test-method is-config="true" signature="drop()[pri:0, instance:com.classiccrm.testcases.HomePageTest@57d7f8ca]" started-at="2019-04-05T13:34:30Z" name="drop" finished-at="2019-04-05T13:34:32Z" duration-ms="2125" status="PASS">
          <reporter-output>
          </reporter-output>
        </test-method> <!-- drop -->
        <test-method is-config="true" signature="lanchBrowser(java.lang.String, java.lang.String)[pri:0, instance:com.classiccrm.testcases.HomePageTest@57d7f8ca]" started-at="2019-04-05T13:34:32Z" name="lanchBrowser" finished-at="2019-04-05T13:34:44Z" duration-ms="11081" status="PASS">
          <params>
            <param index="0">
              <value>
                <![CDATA[https://classic.crmpro.com/index.html]]>
              </value>
            </param>
            <param index="1">
              <value>
                <![CDATA[firefox]]>
              </value>
            </param>
          </params>
          <reporter-output>
          </reporter-output>
        </test-method> <!-- lanchBrowser -->
        <test-method signature="loginTest(java.lang.String, java.lang.String)[pri:0, instance:com.classiccrm.testcases.HomePageTest@57d7f8ca]" started-at="2019-04-05T13:34:44Z" name="loginTest" data-provider="validLogin" finished-at="2019-04-05T13:34:47Z" duration-ms="3749" status="PASS">
          <params>
            <param index="0">
              <value>
                <![CDATA[hat2003]]>
              </value>
            </param>
            <param index="1">
              <value>
                <![CDATA[Test@123]]>
              </value>
            </param>
          </params>
          <reporter-output>
          </reporter-output>
        </test-method> <!-- loginTest -->
        <test-method is-config="true" signature="drop()[pri:0, instance:com.classiccrm.testcases.HomePageTest@57d7f8ca]" started-at="2019-04-05T13:34:47Z" name="drop" finished-at="2019-04-05T13:34:49Z" duration-ms="1648" status="PASS">
          <reporter-output>
          </reporter-output>
        </test-method> <!-- drop -->
      </class> <!-- com.classiccrm.testcases.HomePageTest -->
      <class name="com.classiccrm.testcases.LoginPageTest">
        <test-method is-config="true" signature="lanchBrowser(java.lang.String, java.lang.String)[pri:0, instance:com.classiccrm.testcases.LoginPageTest@6d4e5011]" started-at="2019-04-05T13:34:49Z" name="lanchBrowser" finished-at="2019-04-05T13:35:02Z" duration-ms="12718" status="PASS">
          <params>
            <param index="0">
              <value>
                <![CDATA[https://classic.crmpro.com/index.html]]>
              </value>
            </param>
            <param index="1">
              <value>
                <![CDATA[firefox]]>
              </value>
            </param>
          </params>
          <reporter-output>
          </reporter-output>
        </test-method> <!-- lanchBrowser -->
        <test-method signature="testLogin(java.lang.String, java.lang.String)[pri:0, instance:com.classiccrm.testcases.LoginPageTest@6d4e5011]" started-at="2019-04-05T13:35:02Z" name="testLogin" data-provider="testLoginData" finished-at="2019-04-05T13:35:06Z" duration-ms="4472" status="PASS">
          <params>
            <param index="0">
              <value>
                <![CDATA[rahaouitesting]]>
              </value>
            </param>
            <param index="1">
              <value>
                <![CDATA[Bmn123456]]>
              </value>
            </param>
          </params>
          <reporter-output>
          </reporter-output>
        </test-method> <!-- testLogin -->
        <test-method is-config="true" signature="drop()[pri:0, instance:com.classiccrm.testcases.LoginPageTest@6d4e5011]" started-at="2019-04-05T13:35:06Z" name="drop" finished-at="2019-04-05T13:35:08Z" duration-ms="1534" status="PASS">
          <reporter-output>
          </reporter-output>
        </test-method> <!-- drop -->
        <test-method is-config="true" signature="lanchBrowser(java.lang.String, java.lang.String)[pri:0, instance:com.classiccrm.testcases.LoginPageTest@6d4e5011]" started-at="2019-04-05T13:35:08Z" name="lanchBrowser" finished-at="2019-04-05T13:35:20Z" duration-ms="12705" status="PASS">
          <params>
            <param index="0">
              <value>
                <![CDATA[https://classic.crmpro.com/index.html]]>
              </value>
            </param>
            <param index="1">
              <value>
                <![CDATA[firefox]]>
              </value>
            </param>
          </params>
          <reporter-output>
          </reporter-output>
        </test-method> <!-- lanchBrowser -->
        <test-method signature="testLogin(java.lang.String, java.lang.String)[pri:0, instance:com.classiccrm.testcases.LoginPageTest@6d4e5011]" started-at="2019-04-05T13:35:20Z" name="testLogin" data-provider="testLoginData" finished-at="2019-04-05T13:35:22Z" duration-ms="1505" status="FAIL">
          <params>
            <param index="0">
              <value>
                <![CDATA[Incorrectuser]]>
              </value>
            </param>
            <param index="1">
              <value>
                <![CDATA[Bmn123456]]>
              </value>
            </param>
          </params>
          <exception class="org.openqa.selenium.NoSuchFrameException">
            <message>
              <![CDATA[No frame element found by name or id mainpanel
Build info: version: '3.13.0', revision: '2f0d292', time: '2018-06-25T15:24:21.231Z'
System info: host: 'BILAL-PC', ip: '192.168.1.6', os.name: 'Windows 10', os.arch: 'amd64', os.version: '10.0', java.version: '11.0.1'
Driver info: driver.version: unknown]]>
            </message>
            <full-stacktrace>
              <![CDATA[org.openqa.selenium.NoSuchFrameException: No frame element found by name or id mainpanel
Build info: version: '3.13.0', revision: '2f0d292', time: '2018-06-25T15:24:21.231Z'
System info: host: 'BILAL-PC', ip: '192.168.1.6', os.name: 'Windows 10', os.arch: 'amd64', os.version: '10.0', java.version: '11.0.1'
Driver info: driver.version: unknown
	at org.openqa.selenium.remote.RemoteWebDriver$RemoteTargetLocator.frame(RemoteWebDriver.java:881)
	at org.openqa.selenium.support.events.EventFiringWebDriver$EventFiringTargetLocator.frame(EventFiringWebDriver.java:701)
	at com.classiccrm.testcases.HomePageTest.loginTest(HomePageTest.java:60)
	at com.classiccrm.testcases.LoginPageTest.testLogin(LoginPageTest.java:29)
	at java.base/jdk.internal.reflect.NativeMethodAccessorImpl.invoke0(Native Method)
	at java.base/jdk.internal.reflect.NativeMethodAccessorImpl.invoke(NativeMethodAccessorImpl.java:62)
	at java.base/jdk.internal.reflect.DelegatingMethodAccessorImpl.invoke(DelegatingMethodAccessorImpl.java:43)
	at java.base/java.lang.reflect.Method.invoke(Method.java:566)
	at org.testng.internal.MethodInvocationHelper.invokeMethod(MethodInvocationHelper.java:84)
	at org.testng.internal.Invoker.invokeMethod(Invoker.java:714)
	at org.testng.internal.Invoker.invokeTestMethod(Invoker.java:901)
	at org.testng.internal.Invoker.invokeTestMethods(Invoker.java:1231)
	at org.testng.internal.TestMethodWorker.invokeTestMethods(TestMethodWorker.java:127)
	at org.testng.internal.TestMethodWorker.run(TestMethodWorker.java:111)
	at org.testng.TestRunner.privateRun(TestRunner.java:767)
	at org.testng.TestRunner.run(TestRunner.java:617)
	at org.testng.SuiteRunner.runTest(SuiteRunner.java:348)
	at org.testng.SuiteRunner.runSequentially(SuiteRunner.java:343)
	at org.testng.SuiteRunner.privateRun(SuiteRunner.java:305)
	at org.testng.SuiteRunner.run(SuiteRunner.java:254)
	at org.testng.SuiteRunnerWorker.runSuite(SuiteRunnerWorker.java:52)
	at org.testng.SuiteRunnerWorker.run(SuiteRunnerWorker.java:86)
	at org.testng.TestNG.runSuitesSequentially(TestNG.java:1224)
	at org.testng.TestNG.runSuitesLocally(TestNG.java:1149)
	at org.testng.TestNG.run(TestNG.java:1057)
	at org.apache.maven.surefire.testng.TestNGExecutor.run(TestNGExecutor.java:283)
	at org.apache.maven.surefire.testng.TestNGXmlTestSuite.execute(TestNGXmlTestSuite.java:75)
	at org.apache.maven.surefire.testng.TestNGProvider.invoke(TestNGProvider.java:120)
	at org.apache.maven.surefire.booter.ForkedBooter.invokeProviderInSameClassLoader(ForkedBooter.java:384)
	at org.apache.maven.surefire.booter.ForkedBooter.runSuitesInProcess(ForkedBooter.java:345)
	at org.apache.maven.surefire.booter.ForkedBooter.execute(ForkedBooter.java:126)
	at org.apache.maven.surefire.booter.ForkedBooter.main(ForkedBooter.java:418)
]]>
            </full-stacktrace>
          </exception> <!-- org.openqa.selenium.NoSuchFrameException -->
          <reporter-output>
          </reporter-output>
        </test-method> <!-- testLogin -->
        <test-method is-config="true" signature="drop()[pri:0, instance:com.classiccrm.testcases.LoginPageTest@6d4e5011]" started-at="2019-04-05T13:35:22Z" name="drop" finished-at="2019-04-05T13:35:24Z" duration-ms="2115" status="PASS">
          <reporter-output>
          </reporter-output>
        </test-method> <!-- drop -->
        <test-method is-config="true" signature="lanchBrowser(java.lang.String, java.lang.String)[pri:0, instance:com.classiccrm.testcases.LoginPageTest@6d4e5011]" started-at="2019-04-05T13:35:24Z" name="lanchBrowser" finished-at="2019-04-05T13:35:35Z" duration-ms="11087" status="PASS">
          <params>
            <param index="0">
              <value>
                <![CDATA[https://classic.crmpro.com/index.html]]>
              </value>
            </param>
            <param index="1">
              <value>
                <![CDATA[firefox]]>
              </value>
            </param>
          </params>
          <reporter-output>
          </reporter-output>
        </test-method> <!-- lanchBrowser -->
        <test-method signature="testLogin(java.lang.String, java.lang.String)[pri:0, instance:com.classiccrm.testcases.LoginPageTest@6d4e5011]" started-at="2019-04-05T13:35:35Z" name="testLogin" data-provider="testLoginData" finished-at="2019-04-05T13:35:37Z" duration-ms="1885" status="FAIL">
          <params>
            <param index="0">
              <value>
                <![CDATA[rahaouitesting]]>
              </value>
            </param>
            <param index="1">
              <value>
                <![CDATA[incorrect_password]]>
              </value>
            </param>
          </params>
          <exception class="org.openqa.selenium.NoSuchFrameException">
            <message>
              <![CDATA[No frame element found by name or id mainpanel
Build info: version: '3.13.0', revision: '2f0d292', time: '2018-06-25T15:24:21.231Z'
System info: host: 'BILAL-PC', ip: '192.168.1.6', os.name: 'Windows 10', os.arch: 'amd64', os.version: '10.0', java.version: '11.0.1'
Driver info: driver.version: unknown]]>
            </message>
            <full-stacktrace>
              <![CDATA[org.openqa.selenium.NoSuchFrameException: No frame element found by name or id mainpanel
Build info: version: '3.13.0', revision: '2f0d292', time: '2018-06-25T15:24:21.231Z'
System info: host: 'BILAL-PC', ip: '192.168.1.6', os.name: 'Windows 10', os.arch: 'amd64', os.version: '10.0', java.version: '11.0.1'
Driver info: driver.version: unknown
	at org.openqa.selenium.remote.RemoteWebDriver$RemoteTargetLocator.frame(RemoteWebDriver.java:881)
	at org.openqa.selenium.support.events.EventFiringWebDriver$EventFiringTargetLocator.frame(EventFiringWebDriver.java:701)
	at com.classiccrm.testcases.HomePageTest.loginTest(HomePageTest.java:60)
	at com.classiccrm.testcases.LoginPageTest.testLogin(LoginPageTest.java:29)
	at java.base/jdk.internal.reflect.NativeMethodAccessorImpl.invoke0(Native Method)
	at java.base/jdk.internal.reflect.NativeMethodAccessorImpl.invoke(NativeMethodAccessorImpl.java:62)
	at java.base/jdk.internal.reflect.DelegatingMethodAccessorImpl.invoke(DelegatingMethodAccessorImpl.java:43)
	at java.base/java.lang.reflect.Method.invoke(Method.java:566)
	at org.testng.internal.MethodInvocationHelper.invokeMethod(MethodInvocationHelper.java:84)
	at org.testng.internal.Invoker.invokeMethod(Invoker.java:714)
	at org.testng.internal.Invoker.invokeTestMethod(Invoker.java:901)
	at org.testng.internal.Invoker.invokeTestMethods(Invoker.java:1231)
	at org.testng.internal.TestMethodWorker.invokeTestMethods(TestMethodWorker.java:127)
	at org.testng.internal.TestMethodWorker.run(TestMethodWorker.java:111)
	at org.testng.TestRunner.privateRun(TestRunner.java:767)
	at org.testng.TestRunner.run(TestRunner.java:617)
	at org.testng.SuiteRunner.runTest(SuiteRunner.java:348)
	at org.testng.SuiteRunner.runSequentially(SuiteRunner.java:343)
	at org.testng.SuiteRunner.privateRun(SuiteRunner.java:305)
	at org.testng.SuiteRunner.run(SuiteRunner.java:254)
	at org.testng.SuiteRunnerWorker.runSuite(SuiteRunnerWorker.java:52)
	at org.testng.SuiteRunnerWorker.run(SuiteRunnerWorker.java:86)
	at org.testng.TestNG.runSuitesSequentially(TestNG.java:1224)
	at org.testng.TestNG.runSuitesLocally(TestNG.java:1149)
	at org.testng.TestNG.run(TestNG.java:1057)
	at org.apache.maven.surefire.testng.TestNGExecutor.run(TestNGExecutor.java:283)
	at org.apache.maven.surefire.testng.TestNGXmlTestSuite.execute(TestNGXmlTestSuite.java:75)
	at org.apache.maven.surefire.testng.TestNGProvider.invoke(TestNGProvider.java:120)
	at org.apache.maven.surefire.booter.ForkedBooter.invokeProviderInSameClassLoader(ForkedBooter.java:384)
	at org.apache.maven.surefire.booter.ForkedBooter.runSuitesInProcess(ForkedBooter.java:345)
	at org.apache.maven.surefire.booter.ForkedBooter.execute(ForkedBooter.java:126)
	at org.apache.maven.surefire.booter.ForkedBooter.main(ForkedBooter.java:418)
]]>
            </full-stacktrace>
          </exception> <!-- org.openqa.selenium.NoSuchFrameException -->
          <reporter-output>
          </reporter-output>
        </test-method> <!-- testLogin -->
        <test-method is-config="true" signature="drop()[pri:0, instance:com.classiccrm.testcases.LoginPageTest@6d4e5011]" started-at="2019-04-05T13:35:37Z" name="drop" finished-at="2019-04-05T13:35:39Z" duration-ms="1636" status="PASS">
          <reporter-output>
          </reporter-output>
        </test-method> <!-- drop -->
        <test-method is-config="true" signature="lanchBrowser(java.lang.String, java.lang.String)[pri:0, instance:com.classiccrm.testcases.LoginPageTest@6d4e5011]" started-at="2019-04-05T13:35:39Z" name="lanchBrowser" finished-at="2019-04-05T13:35:51Z" duration-ms="12035" status="PASS">
          <params>
            <param index="0">
              <value>
                <![CDATA[https://classic.crmpro.com/index.html]]>
              </value>
            </param>
            <param index="1">
              <value>
                <![CDATA[firefox]]>
              </value>
            </param>
          </params>
          <reporter-output>
          </reporter-output>
        </test-method> <!-- lanchBrowser -->
        <test-method signature="testLogin(java.lang.String, java.lang.String)[pri:0, instance:com.classiccrm.testcases.LoginPageTest@6d4e5011]" started-at="2019-04-05T13:35:51Z" name="testLogin" data-provider="testLoginData" finished-at="2019-04-05T13:35:52Z" duration-ms="1444" status="FAIL">
          <params>
            <param index="0">
              <value>
                <![CDATA[Incorrectuser]]>
              </value>
            </param>
            <param index="1">
              <value>
                <![CDATA[incorrect_password]]>
              </value>
            </param>
          </params>
          <exception class="org.openqa.selenium.NoSuchFrameException">
            <message>
              <![CDATA[No frame element found by name or id mainpanel
Build info: version: '3.13.0', revision: '2f0d292', time: '2018-06-25T15:24:21.231Z'
System info: host: 'BILAL-PC', ip: '192.168.1.6', os.name: 'Windows 10', os.arch: 'amd64', os.version: '10.0', java.version: '11.0.1'
Driver info: driver.version: unknown]]>
            </message>
            <full-stacktrace>
              <![CDATA[org.openqa.selenium.NoSuchFrameException: No frame element found by name or id mainpanel
Build info: version: '3.13.0', revision: '2f0d292', time: '2018-06-25T15:24:21.231Z'
System info: host: 'BILAL-PC', ip: '192.168.1.6', os.name: 'Windows 10', os.arch: 'amd64', os.version: '10.0', java.version: '11.0.1'
Driver info: driver.version: unknown
	at org.openqa.selenium.remote.RemoteWebDriver$RemoteTargetLocator.frame(RemoteWebDriver.java:881)
	at org.openqa.selenium.support.events.EventFiringWebDriver$EventFiringTargetLocator.frame(EventFiringWebDriver.java:701)
	at com.classiccrm.testcases.HomePageTest.loginTest(HomePageTest.java:60)
	at com.classiccrm.testcases.LoginPageTest.testLogin(LoginPageTest.java:29)
	at java.base/jdk.internal.reflect.NativeMethodAccessorImpl.invoke0(Native Method)
	at java.base/jdk.internal.reflect.NativeMethodAccessorImpl.invoke(NativeMethodAccessorImpl.java:62)
	at java.base/jdk.internal.reflect.DelegatingMethodAccessorImpl.invoke(DelegatingMethodAccessorImpl.java:43)
	at java.base/java.lang.reflect.Method.invoke(Method.java:566)
	at org.testng.internal.MethodInvocationHelper.invokeMethod(MethodInvocationHelper.java:84)
	at org.testng.internal.Invoker.invokeMethod(Invoker.java:714)
	at org.testng.internal.Invoker.invokeTestMethod(Invoker.java:901)
	at org.testng.internal.Invoker.invokeTestMethods(Invoker.java:1231)
	at org.testng.internal.TestMethodWorker.invokeTestMethods(TestMethodWorker.java:127)
	at org.testng.internal.TestMethodWorker.run(TestMethodWorker.java:111)
	at org.testng.TestRunner.privateRun(TestRunner.java:767)
	at org.testng.TestRunner.run(TestRunner.java:617)
	at org.testng.SuiteRunner.runTest(SuiteRunner.java:348)
	at org.testng.SuiteRunner.runSequentially(SuiteRunner.java:343)
	at org.testng.SuiteRunner.privateRun(SuiteRunner.java:305)
	at org.testng.SuiteRunner.run(SuiteRunner.java:254)
	at org.testng.SuiteRunnerWorker.runSuite(SuiteRunnerWorker.java:52)
	at org.testng.SuiteRunnerWorker.run(SuiteRunnerWorker.java:86)
	at org.testng.TestNG.runSuitesSequentially(TestNG.java:1224)
	at org.testng.TestNG.runSuitesLocally(TestNG.java:1149)
	at org.testng.TestNG.run(TestNG.java:1057)
	at org.apache.maven.surefire.testng.TestNGExecutor.run(TestNGExecutor.java:283)
	at org.apache.maven.surefire.testng.TestNGXmlTestSuite.execute(TestNGXmlTestSuite.java:75)
	at org.apache.maven.surefire.testng.TestNGProvider.invoke(TestNGProvider.java:120)
	at org.apache.maven.surefire.booter.ForkedBooter.invokeProviderInSameClassLoader(ForkedBooter.java:384)
	at org.apache.maven.surefire.booter.ForkedBooter.runSuitesInProcess(ForkedBooter.java:345)
	at org.apache.maven.surefire.booter.ForkedBooter.execute(ForkedBooter.java:126)
	at org.apache.maven.surefire.booter.ForkedBooter.main(ForkedBooter.java:418)
]]>
            </full-stacktrace>
          </exception> <!-- org.openqa.selenium.NoSuchFrameException -->
          <reporter-output>
          </reporter-output>
        </test-method> <!-- testLogin -->
        <test-method is-config="true" signature="drop()[pri:0, instance:com.classiccrm.testcases.LoginPageTest@6d4e5011]" started-at="2019-04-05T13:35:52Z" name="drop" finished-at="2019-04-05T13:35:54Z" duration-ms="2100" status="PASS">
          <reporter-output>
          </reporter-output>
        </test-method> <!-- drop -->
        <test-method is-config="true" signature="lanchBrowser(java.lang.String, java.lang.String)[pri:0, instance:com.classiccrm.testcases.LoginPageTest@6d4e5011]" started-at="2019-04-05T13:35:54Z" name="lanchBrowser" finished-at="2019-04-05T13:36:06Z" duration-ms="11898" status="PASS">
          <params>
            <param index="0">
              <value>
                <![CDATA[https://classic.crmpro.com/index.html]]>
              </value>
            </param>
            <param index="1">
              <value>
                <![CDATA[firefox]]>
              </value>
            </param>
          </params>
          <reporter-output>
          </reporter-output>
        </test-method> <!-- lanchBrowser -->
        <test-method signature="testLogin(java.lang.String, java.lang.String)[pri:0, instance:com.classiccrm.testcases.LoginPageTest@6d4e5011]" started-at="2019-04-05T13:36:06Z" name="testLogin" data-provider="testLoginData" finished-at="2019-04-05T13:36:11Z" duration-ms="4718" status="PASS">
          <params>
            <param index="0">
              <value>
                <![CDATA[hat2003]]>
              </value>
            </param>
            <param index="1">
              <value>
                <![CDATA[Test@123]]>
              </value>
            </param>
          </params>
          <reporter-output>
          </reporter-output>
        </test-method> <!-- testLogin -->
        <test-method is-config="true" signature="drop()[pri:0, instance:com.classiccrm.testcases.LoginPageTest@6d4e5011]" started-at="2019-04-05T13:36:11Z" name="drop" finished-at="2019-04-05T13:36:13Z" duration-ms="2195" status="PASS">
          <reporter-output>
          </reporter-output>
        </test-method> <!-- drop -->
        <test-method is-config="true" signature="lanchBrowser(java.lang.String, java.lang.String)[pri:0, instance:com.classiccrm.testcases.LoginPageTest@6d4e5011]" started-at="2019-04-05T13:36:13Z" name="lanchBrowser" finished-at="2019-04-05T13:36:25Z" duration-ms="11937" status="PASS">
          <params>
            <param index="0">
              <value>
                <![CDATA[https://classic.crmpro.com/index.html]]>
              </value>
            </param>
            <param index="1">
              <value>
                <![CDATA[firefox]]>
              </value>
            </param>
          </params>
          <reporter-output>
          </reporter-output>
        </test-method> <!-- lanchBrowser -->
        <test-method signature="testLogin(java.lang.String, java.lang.String)[pri:0, instance:com.classiccrm.testcases.LoginPageTest@6d4e5011]" started-at="2019-04-05T13:36:25Z" name="testLogin" data-provider="testLoginData" finished-at="2019-04-05T13:36:27Z" duration-ms="1660" status="FAIL">
          <params>
            <param index="0">
              <value>
                <![CDATA[Incorrectuser]]>
              </value>
            </param>
            <param index="1">
              <value>
                <![CDATA[Test@123]]>
              </value>
            </param>
          </params>
          <exception class="org.openqa.selenium.NoSuchFrameException">
            <message>
              <![CDATA[No frame element found by name or id mainpanel
Build info: version: '3.13.0', revision: '2f0d292', time: '2018-06-25T15:24:21.231Z'
System info: host: 'BILAL-PC', ip: '192.168.1.6', os.name: 'Windows 10', os.arch: 'amd64', os.version: '10.0', java.version: '11.0.1'
Driver info: driver.version: unknown]]>
            </message>
            <full-stacktrace>
              <![CDATA[org.openqa.selenium.NoSuchFrameException: No frame element found by name or id mainpanel
Build info: version: '3.13.0', revision: '2f0d292', time: '2018-06-25T15:24:21.231Z'
System info: host: 'BILAL-PC', ip: '192.168.1.6', os.name: 'Windows 10', os.arch: 'amd64', os.version: '10.0', java.version: '11.0.1'
Driver info: driver.version: unknown
	at org.openqa.selenium.remote.RemoteWebDriver$RemoteTargetLocator.frame(RemoteWebDriver.java:881)
	at org.openqa.selenium.support.events.EventFiringWebDriver$EventFiringTargetLocator.frame(EventFiringWebDriver.java:701)
	at com.classiccrm.testcases.HomePageTest.loginTest(HomePageTest.java:60)
	at com.classiccrm.testcases.LoginPageTest.testLogin(LoginPageTest.java:29)
	at java.base/jdk.internal.reflect.NativeMethodAccessorImpl.invoke0(Native Method)
	at java.base/jdk.internal.reflect.NativeMethodAccessorImpl.invoke(NativeMethodAccessorImpl.java:62)
	at java.base/jdk.internal.reflect.DelegatingMethodAccessorImpl.invoke(DelegatingMethodAccessorImpl.java:43)
	at java.base/java.lang.reflect.Method.invoke(Method.java:566)
	at org.testng.internal.MethodInvocationHelper.invokeMethod(MethodInvocationHelper.java:84)
	at org.testng.internal.Invoker.invokeMethod(Invoker.java:714)
	at org.testng.internal.Invoker.invokeTestMethod(Invoker.java:901)
	at org.testng.internal.Invoker.invokeTestMethods(Invoker.java:1231)
	at org.testng.internal.TestMethodWorker.invokeTestMethods(TestMethodWorker.java:127)
	at org.testng.internal.TestMethodWorker.run(TestMethodWorker.java:111)
	at org.testng.TestRunner.privateRun(TestRunner.java:767)
	at org.testng.TestRunner.run(TestRunner.java:617)
	at org.testng.SuiteRunner.runTest(SuiteRunner.java:348)
	at org.testng.SuiteRunner.runSequentially(SuiteRunner.java:343)
	at org.testng.SuiteRunner.privateRun(SuiteRunner.java:305)
	at org.testng.SuiteRunner.run(SuiteRunner.java:254)
	at org.testng.SuiteRunnerWorker.runSuite(SuiteRunnerWorker.java:52)
	at org.testng.SuiteRunnerWorker.run(SuiteRunnerWorker.java:86)
	at org.testng.TestNG.runSuitesSequentially(TestNG.java:1224)
	at org.testng.TestNG.runSuitesLocally(TestNG.java:1149)
	at org.testng.TestNG.run(TestNG.java:1057)
	at org.apache.maven.surefire.testng.TestNGExecutor.run(TestNGExecutor.java:283)
	at org.apache.maven.surefire.testng.TestNGXmlTestSuite.execute(TestNGXmlTestSuite.java:75)
	at org.apache.maven.surefire.testng.TestNGProvider.invoke(TestNGProvider.java:120)
	at org.apache.maven.surefire.booter.ForkedBooter.invokeProviderInSameClassLoader(ForkedBooter.java:384)
	at org.apache.maven.surefire.booter.ForkedBooter.runSuitesInProcess(ForkedBooter.java:345)
	at org.apache.maven.surefire.booter.ForkedBooter.execute(ForkedBooter.java:126)
	at org.apache.maven.surefire.booter.ForkedBooter.main(ForkedBooter.java:418)
]]>
            </full-stacktrace>
          </exception> <!-- org.openqa.selenium.NoSuchFrameException -->
          <reporter-output>
          </reporter-output>
        </test-method> <!-- testLogin -->
        <test-method is-config="true" signature="drop()[pri:0, instance:com.classiccrm.testcases.LoginPageTest@6d4e5011]" started-at="2019-04-05T13:36:27Z" name="drop" finished-at="2019-04-05T13:36:28Z" duration-ms="1770" status="PASS">
          <reporter-output>
          </reporter-output>
        </test-method> <!-- drop -->
        <test-method is-config="true" signature="lanchBrowser(java.lang.String, java.lang.String)[pri:0, instance:com.classiccrm.testcases.LoginPageTest@6d4e5011]" started-at="2019-04-05T13:36:28Z" name="lanchBrowser" finished-at="2019-04-05T13:36:41Z" duration-ms="12143" status="PASS">
          <params>
            <param index="0">
              <value>
                <![CDATA[https://classic.crmpro.com/index.html]]>
              </value>
            </param>
            <param index="1">
              <value>
                <![CDATA[firefox]]>
              </value>
            </param>
          </params>
          <reporter-output>
          </reporter-output>
        </test-method> <!-- lanchBrowser -->
        <test-method signature="testLogin(java.lang.String, java.lang.String)[pri:0, instance:com.classiccrm.testcases.LoginPageTest@6d4e5011]" started-at="2019-04-05T13:36:41Z" name="testLogin" data-provider="testLoginData" finished-at="2019-04-05T13:36:42Z" duration-ms="1467" status="FAIL">
          <params>
            <param index="0">
              <value>
                <![CDATA[hat2003]]>
              </value>
            </param>
            <param index="1">
              <value>
                <![CDATA[incorrect_password]]>
              </value>
            </param>
          </params>
          <exception class="org.openqa.selenium.NoSuchFrameException">
            <message>
              <![CDATA[No frame element found by name or id mainpanel
Build info: version: '3.13.0', revision: '2f0d292', time: '2018-06-25T15:24:21.231Z'
System info: host: 'BILAL-PC', ip: '192.168.1.6', os.name: 'Windows 10', os.arch: 'amd64', os.version: '10.0', java.version: '11.0.1'
Driver info: driver.version: unknown]]>
            </message>
            <full-stacktrace>
              <![CDATA[org.openqa.selenium.NoSuchFrameException: No frame element found by name or id mainpanel
Build info: version: '3.13.0', revision: '2f0d292', time: '2018-06-25T15:24:21.231Z'
System info: host: 'BILAL-PC', ip: '192.168.1.6', os.name: 'Windows 10', os.arch: 'amd64', os.version: '10.0', java.version: '11.0.1'
Driver info: driver.version: unknown
	at org.openqa.selenium.remote.RemoteWebDriver$RemoteTargetLocator.frame(RemoteWebDriver.java:881)
	at org.openqa.selenium.support.events.EventFiringWebDriver$EventFiringTargetLocator.frame(EventFiringWebDriver.java:701)
	at com.classiccrm.testcases.HomePageTest.loginTest(HomePageTest.java:60)
	at com.classiccrm.testcases.LoginPageTest.testLogin(LoginPageTest.java:29)
	at java.base/jdk.internal.reflect.NativeMethodAccessorImpl.invoke0(Native Method)
	at java.base/jdk.internal.reflect.NativeMethodAccessorImpl.invoke(NativeMethodAccessorImpl.java:62)
	at java.base/jdk.internal.reflect.DelegatingMethodAccessorImpl.invoke(DelegatingMethodAccessorImpl.java:43)
	at java.base/java.lang.reflect.Method.invoke(Method.java:566)
	at org.testng.internal.MethodInvocationHelper.invokeMethod(MethodInvocationHelper.java:84)
	at org.testng.internal.Invoker.invokeMethod(Invoker.java:714)
	at org.testng.internal.Invoker.invokeTestMethod(Invoker.java:901)
	at org.testng.internal.Invoker.invokeTestMethods(Invoker.java:1231)
	at org.testng.internal.TestMethodWorker.invokeTestMethods(TestMethodWorker.java:127)
	at org.testng.internal.TestMethodWorker.run(TestMethodWorker.java:111)
	at org.testng.TestRunner.privateRun(TestRunner.java:767)
	at org.testng.TestRunner.run(TestRunner.java:617)
	at org.testng.SuiteRunner.runTest(SuiteRunner.java:348)
	at org.testng.SuiteRunner.runSequentially(SuiteRunner.java:343)
	at org.testng.SuiteRunner.privateRun(SuiteRunner.java:305)
	at org.testng.SuiteRunner.run(SuiteRunner.java:254)
	at org.testng.SuiteRunnerWorker.runSuite(SuiteRunnerWorker.java:52)
	at org.testng.SuiteRunnerWorker.run(SuiteRunnerWorker.java:86)
	at org.testng.TestNG.runSuitesSequentially(TestNG.java:1224)
	at org.testng.TestNG.runSuitesLocally(TestNG.java:1149)
	at org.testng.TestNG.run(TestNG.java:1057)
	at org.apache.maven.surefire.testng.TestNGExecutor.run(TestNGExecutor.java:283)
	at org.apache.maven.surefire.testng.TestNGXmlTestSuite.execute(TestNGXmlTestSuite.java:75)
	at org.apache.maven.surefire.testng.TestNGProvider.invoke(TestNGProvider.java:120)
	at org.apache.maven.surefire.booter.ForkedBooter.invokeProviderInSameClassLoader(ForkedBooter.java:384)
	at org.apache.maven.surefire.booter.ForkedBooter.runSuitesInProcess(ForkedBooter.java:345)
	at org.apache.maven.surefire.booter.ForkedBooter.execute(ForkedBooter.java:126)
	at org.apache.maven.surefire.booter.ForkedBooter.main(ForkedBooter.java:418)
]]>
            </full-stacktrace>
          </exception> <!-- org.openqa.selenium.NoSuchFrameException -->
          <reporter-output>
          </reporter-output>
        </test-method> <!-- testLogin -->
        <test-method is-config="true" signature="drop()[pri:0, instance:com.classiccrm.testcases.LoginPageTest@6d4e5011]" started-at="2019-04-05T13:36:42Z" name="drop" finished-at="2019-04-05T13:36:44Z" duration-ms="2096" status="PASS">
          <reporter-output>
          </reporter-output>
        </test-method> <!-- drop -->
      </class> <!-- com.classiccrm.testcases.LoginPageTest -->
      <class name="com.classiccrm.testcases.ContactPageTest">
        <test-method is-config="true" signature="lanchBrowser(java.lang.String, java.lang.String)[pri:0, instance:com.classiccrm.testcases.ContactPageTest@1e683a3e]" started-at="2019-04-05T13:36:44Z" name="lanchBrowser" finished-at="2019-04-05T13:36:57Z" duration-ms="12566" status="PASS">
          <params>
            <param index="0">
              <value>
                <![CDATA[https://classic.crmpro.com/index.html]]>
              </value>
            </param>
            <param index="1">
              <value>
                <![CDATA[firefox]]>
              </value>
            </param>
          </params>
          <reporter-output>
          </reporter-output>
        </test-method> <!-- lanchBrowser -->
        <test-method signature="testAddContact(java.lang.String, java.lang.String, java.lang.String, java.lang.String)[pri:0, instance:com.classiccrm.testcases.ContactPageTest@1e683a3e]" started-at="2019-04-05T13:36:57Z" name="testAddContact" data-provider="addContactData" finished-at="2019-04-05T13:37:03Z" duration-ms="6539" status="PASS">
          <params>
            <param index="0">
              <value>
                <![CDATA[Jsandye]]>
              </value>
            </param>
            <param index="1">
              <value>
                <![CDATA[Bustard]]>
              </value>
            </param>
            <param index="2">
              <value>
                <![CDATA[Voonder]]>
              </value>
            </param>
            <param index="3">
              <value>
                <![CDATA[Engineering]]>
              </value>
            </param>
          </params>
          <reporter-output>
          </reporter-output>
        </test-method> <!-- testAddContact -->
        <test-method is-config="true" signature="drop()[pri:0, instance:com.classiccrm.testcases.ContactPageTest@1e683a3e]" started-at="2019-04-05T13:37:03Z" name="drop" finished-at="2019-04-05T13:37:05Z" duration-ms="1685" status="PASS">
          <reporter-output>
          </reporter-output>
        </test-method> <!-- drop -->
        <test-method is-config="true" signature="lanchBrowser(java.lang.String, java.lang.String)[pri:0, instance:com.classiccrm.testcases.ContactPageTest@1e683a3e]" started-at="2019-04-05T13:37:05Z" name="lanchBrowser" finished-at="2019-04-05T13:37:17Z" duration-ms="12533" status="PASS">
          <params>
            <param index="0">
              <value>
                <![CDATA[https://classic.crmpro.com/index.html]]>
              </value>
            </param>
            <param index="1">
              <value>
                <![CDATA[firefox]]>
              </value>
            </param>
          </params>
          <reporter-output>
          </reporter-output>
        </test-method> <!-- lanchBrowser -->
        <test-method signature="testAddContact(java.lang.String, java.lang.String, java.lang.String, java.lang.String)[pri:0, instance:com.classiccrm.testcases.ContactPageTest@1e683a3e]" started-at="2019-04-05T13:37:17Z" name="testAddContact" data-provider="addContactData" finished-at="2019-04-05T13:37:25Z" duration-ms="7245" status="PASS">
          <params>
            <param index="0">
              <value>
                <![CDATA[Viola]]>
              </value>
            </param>
            <param index="1">
              <value>
                <![CDATA[Stenyng]]>
              </value>
            </param>
            <param index="2">
              <value>
                <![CDATA[Divanoodle]]>
              </value>
            </param>
            <param index="3">
              <value>
                <![CDATA[Accounting]]>
              </value>
            </param>
          </params>
          <reporter-output>
          </reporter-output>
        </test-method> <!-- testAddContact -->
        <test-method is-config="true" signature="drop()[pri:0, instance:com.classiccrm.testcases.ContactPageTest@1e683a3e]" started-at="2019-04-05T13:37:25Z" name="drop" finished-at="2019-04-05T13:37:27Z" duration-ms="1867" status="PASS">
          <reporter-output>
          </reporter-output>
        </test-method> <!-- drop -->
        <test-method is-config="true" signature="lanchBrowser(java.lang.String, java.lang.String)[pri:0, instance:com.classiccrm.testcases.ContactPageTest@1e683a3e]" started-at="2019-04-05T13:37:27Z" name="lanchBrowser" finished-at="2019-04-05T13:37:37Z" duration-ms="10879" status="PASS">
          <params>
            <param index="0">
              <value>
                <![CDATA[https://classic.crmpro.com/index.html]]>
              </value>
            </param>
            <param index="1">
              <value>
                <![CDATA[firefox]]>
              </value>
            </param>
          </params>
          <reporter-output>
          </reporter-output>
        </test-method> <!-- lanchBrowser -->
        <test-method signature="testAddContact(java.lang.String, java.lang.String, java.lang.String, java.lang.String)[pri:0, instance:com.classiccrm.testcases.ContactPageTest@1e683a3e]" started-at="2019-04-05T13:37:37Z" name="testAddContact" data-provider="addContactData" finished-at="2019-04-05T13:37:44Z" duration-ms="6857" status="PASS">
          <params>
            <param index="0">
              <value>
                <![CDATA[Alberto]]>
              </value>
            </param>
            <param index="1">
              <value>
                <![CDATA[Colleck]]>
              </value>
            </param>
            <param index="2">
              <value>
                <![CDATA[Vipe]]>
              </value>
            </param>
            <param index="3">
              <value>
                <![CDATA[Training]]>
              </value>
            </param>
          </params>
          <reporter-output>
          </reporter-output>
        </test-method> <!-- testAddContact -->
        <test-method is-config="true" signature="drop()[pri:0, instance:com.classiccrm.testcases.ContactPageTest@1e683a3e]" started-at="2019-04-05T13:37:44Z" name="drop" finished-at="2019-04-05T13:37:46Z" duration-ms="1662" status="PASS">
          <reporter-output>
          </reporter-output>
        </test-method> <!-- drop -->
        <test-method is-config="true" signature="lanchBrowser(java.lang.String, java.lang.String)[pri:0, instance:com.classiccrm.testcases.ContactPageTest@1e683a3e]" started-at="2019-04-05T13:37:46Z" name="lanchBrowser" finished-at="2019-04-05T13:37:58Z" duration-ms="11704" status="PASS">
          <params>
            <param index="0">
              <value>
                <![CDATA[https://classic.crmpro.com/index.html]]>
              </value>
            </param>
            <param index="1">
              <value>
                <![CDATA[firefox]]>
              </value>
            </param>
          </params>
          <reporter-output>
          </reporter-output>
        </test-method> <!-- lanchBrowser -->
        <test-method signature="testAddContact(java.lang.String, java.lang.String, java.lang.String, java.lang.String)[pri:0, instance:com.classiccrm.testcases.ContactPageTest@1e683a3e]" started-at="2019-04-05T13:37:58Z" name="testAddContact" data-provider="addContactData" finished-at="2019-04-05T13:38:05Z" duration-ms="7352" status="PASS">
          <params>
            <param index="0">
              <value>
                <![CDATA[Lion]]>
              </value>
            </param>
            <param index="1">
              <value>
                <![CDATA[Scaddon]]>
              </value>
            </param>
            <param index="2">
              <value>
                <![CDATA[Jayo]]>
              </value>
            </param>
            <param index="3">
              <value>
                <![CDATA[Business Development]]>
              </value>
            </param>
          </params>
          <reporter-output>
          </reporter-output>
        </test-method> <!-- testAddContact -->
        <test-method is-config="true" signature="drop()[pri:0, instance:com.classiccrm.testcases.ContactPageTest@1e683a3e]" started-at="2019-04-05T13:38:05Z" name="drop" finished-at="2019-04-05T13:38:07Z" duration-ms="1708" status="PASS">
          <reporter-output>
          </reporter-output>
        </test-method> <!-- drop -->
        <test-method is-config="true" signature="lanchBrowser(java.lang.String, java.lang.String)[pri:0, instance:com.classiccrm.testcases.ContactPageTest@1e683a3e]" started-at="2019-04-05T13:38:07Z" name="lanchBrowser" finished-at="2019-04-05T13:38:19Z" duration-ms="12586" status="PASS">
          <params>
            <param index="0">
              <value>
                <![CDATA[https://classic.crmpro.com/index.html]]>
              </value>
            </param>
            <param index="1">
              <value>
                <![CDATA[firefox]]>
              </value>
            </param>
          </params>
          <reporter-output>
          </reporter-output>
        </test-method> <!-- lanchBrowser -->
        <test-method signature="testAddContact(java.lang.String, java.lang.String, java.lang.String, java.lang.String)[pri:0, instance:com.classiccrm.testcases.ContactPageTest@1e683a3e]" started-at="2019-04-05T13:38:19Z" name="testAddContact" data-provider="addContactData" finished-at="2019-04-05T13:38:27Z" duration-ms="7482" status="PASS">
          <params>
            <param index="0">
              <value>
                <![CDATA[Barnaby]]>
              </value>
            </param>
            <param index="1">
              <value>
                <![CDATA[Joselevitz]]>
              </value>
            </param>
            <param index="2">
              <value>
                <![CDATA[Feednation]]>
              </value>
            </param>
            <param index="3">
              <value>
                <![CDATA[Services]]>
              </value>
            </param>
          </params>
          <reporter-output>
          </reporter-output>
        </test-method> <!-- testAddContact -->
        <test-method is-config="true" signature="drop()[pri:0, instance:com.classiccrm.testcases.ContactPageTest@1e683a3e]" started-at="2019-04-05T13:38:27Z" name="drop" finished-at="2019-04-05T13:38:29Z" duration-ms="1809" status="PASS">
          <reporter-output>
          </reporter-output>
        </test-method> <!-- drop -->
        <test-method is-config="true" signature="lanchBrowser(java.lang.String, java.lang.String)[pri:0, instance:com.classiccrm.testcases.ContactPageTest@1e683a3e]" started-at="2019-04-05T13:38:29Z" name="lanchBrowser" finished-at="2019-04-05T13:38:41Z" duration-ms="12148" status="PASS">
          <params>
            <param index="0">
              <value>
                <![CDATA[https://classic.crmpro.com/index.html]]>
              </value>
            </param>
            <param index="1">
              <value>
                <![CDATA[firefox]]>
              </value>
            </param>
          </params>
          <reporter-output>
          </reporter-output>
        </test-method> <!-- lanchBrowser -->
        <test-method signature="testAddContact(java.lang.String, java.lang.String, java.lang.String, java.lang.String)[pri:0, instance:com.classiccrm.testcases.ContactPageTest@1e683a3e]" started-at="2019-04-05T13:38:41Z" name="testAddContact" data-provider="addContactData" finished-at="2019-04-05T13:38:48Z" duration-ms="7516" status="PASS">
          <params>
            <param index="0">
              <value>
                <![CDATA[Clemence]]>
              </value>
            </param>
            <param index="1">
              <value>
                <![CDATA[Akred]]>
              </value>
            </param>
            <param index="2">
              <value>
                <![CDATA[Centidel]]>
              </value>
            </param>
            <param index="3">
              <value>
                <![CDATA[Legal]]>
              </value>
            </param>
          </params>
          <reporter-output>
          </reporter-output>
        </test-method> <!-- testAddContact -->
        <test-method is-config="true" signature="drop()[pri:0, instance:com.classiccrm.testcases.ContactPageTest@1e683a3e]" started-at="2019-04-05T13:38:48Z" name="drop" finished-at="2019-04-05T13:38:50Z" duration-ms="1767" status="PASS">
          <reporter-output>
          </reporter-output>
        </test-method> <!-- drop -->
        <test-method is-config="true" signature="lanchBrowser(java.lang.String, java.lang.String)[pri:0, instance:com.classiccrm.testcases.ContactPageTest@1e683a3e]" started-at="2019-04-05T13:38:50Z" name="lanchBrowser" finished-at="2019-04-05T13:39:01Z" duration-ms="11414" status="PASS">
          <params>
            <param index="0">
              <value>
                <![CDATA[https://classic.crmpro.com/index.html]]>
              </value>
            </param>
            <param index="1">
              <value>
                <![CDATA[firefox]]>
              </value>
            </param>
          </params>
          <reporter-output>
          </reporter-output>
        </test-method> <!-- lanchBrowser -->
        <test-method signature="testAddContact(java.lang.String, java.lang.String, java.lang.String, java.lang.String)[pri:0, instance:com.classiccrm.testcases.ContactPageTest@1e683a3e]" started-at="2019-04-05T13:39:01Z" name="testAddContact" data-provider="addContactData" finished-at="2019-04-05T13:39:08Z" duration-ms="6802" status="PASS">
          <params>
            <param index="0">
              <value>
                <![CDATA[Mella]]>
              </value>
            </param>
            <param index="1">
              <value>
                <![CDATA[Duval]]>
              </value>
            </param>
            <param index="2">
              <value>
                <![CDATA[Aivee]]>
              </value>
            </param>
            <param index="3">
              <value>
                <![CDATA[Legal]]>
              </value>
            </param>
          </params>
          <reporter-output>
          </reporter-output>
        </test-method> <!-- testAddContact -->
        <test-method is-config="true" signature="drop()[pri:0, instance:com.classiccrm.testcases.ContactPageTest@1e683a3e]" started-at="2019-04-05T13:39:08Z" name="drop" finished-at="2019-04-05T13:39:10Z" duration-ms="1658" status="PASS">
          <reporter-output>
          </reporter-output>
        </test-method> <!-- drop -->
        <test-method is-config="true" signature="lanchBrowser(java.lang.String, java.lang.String)[pri:0, instance:com.classiccrm.testcases.ContactPageTest@1e683a3e]" started-at="2019-04-05T13:39:10Z" name="lanchBrowser" finished-at="2019-04-05T13:39:21Z" duration-ms="11249" status="PASS">
          <params>
            <param index="0">
              <value>
                <![CDATA[https://classic.crmpro.com/index.html]]>
              </value>
            </param>
            <param index="1">
              <value>
                <![CDATA[firefox]]>
              </value>
            </param>
          </params>
          <reporter-output>
          </reporter-output>
        </test-method> <!-- lanchBrowser -->
        <test-method signature="testAddContact(java.lang.String, java.lang.String, java.lang.String, java.lang.String)[pri:0, instance:com.classiccrm.testcases.ContactPageTest@1e683a3e]" started-at="2019-04-05T13:39:21Z" name="testAddContact" data-provider="addContactData" finished-at="2019-04-05T13:39:28Z" duration-ms="6566" status="PASS">
          <params>
            <param index="0">
              <value>
                <![CDATA[Giacinta]]>
              </value>
            </param>
            <param index="1">
              <value>
                <![CDATA[Broadbere]]>
              </value>
            </param>
            <param index="2">
              <value>
                <![CDATA[Yakitri]]>
              </value>
            </param>
            <param index="3">
              <value>
                <![CDATA[Support]]>
              </value>
            </param>
          </params>
          <reporter-output>
          </reporter-output>
        </test-method> <!-- testAddContact -->
        <test-method is-config="true" signature="drop()[pri:0, instance:com.classiccrm.testcases.ContactPageTest@1e683a3e]" started-at="2019-04-05T13:39:28Z" name="drop" finished-at="2019-04-05T13:39:30Z" duration-ms="1781" status="PASS">
          <reporter-output>
          </reporter-output>
        </test-method> <!-- drop -->
        <test-method is-config="true" signature="lanchBrowser(java.lang.String, java.lang.String)[pri:0, instance:com.classiccrm.testcases.ContactPageTest@1e683a3e]" started-at="2019-04-05T13:39:30Z" name="lanchBrowser" finished-at="2019-04-05T13:39:42Z" duration-ms="12769" status="PASS">
          <params>
            <param index="0">
              <value>
                <![CDATA[https://classic.crmpro.com/index.html]]>
              </value>
            </param>
            <param index="1">
              <value>
                <![CDATA[firefox]]>
              </value>
            </param>
          </params>
          <reporter-output>
          </reporter-output>
        </test-method> <!-- lanchBrowser -->
        <test-method signature="testAddContact(java.lang.String, java.lang.String, java.lang.String, java.lang.String)[pri:0, instance:com.classiccrm.testcases.ContactPageTest@1e683a3e]" started-at="2019-04-05T13:39:42Z" name="testAddContact" data-provider="addContactData" finished-at="2019-04-05T13:39:49Z" duration-ms="7065" status="PASS">
          <params>
            <param index="0">
              <value>
                <![CDATA[Welbie]]>
              </value>
            </param>
            <param index="1">
              <value>
                <![CDATA[Markey]]>
              </value>
            </param>
            <param index="2">
              <value>
                <![CDATA[Zoombox]]>
              </value>
            </param>
            <param index="3">
              <value>
                <![CDATA[Training]]>
              </value>
            </param>
          </params>
          <reporter-output>
          </reporter-output>
        </test-method> <!-- testAddContact -->
        <test-method is-config="true" signature="drop()[pri:0, instance:com.classiccrm.testcases.ContactPageTest@1e683a3e]" started-at="2019-04-05T13:39:49Z" name="drop" finished-at="2019-04-05T13:39:51Z" duration-ms="2000" status="PASS">
          <reporter-output>
          </reporter-output>
        </test-method> <!-- drop -->
        <test-method is-config="true" signature="lanchBrowser(java.lang.String, java.lang.String)[pri:0, instance:com.classiccrm.testcases.ContactPageTest@1e683a3e]" started-at="2019-04-05T13:39:51Z" name="lanchBrowser" finished-at="2019-04-05T13:40:04Z" duration-ms="12536" status="PASS">
          <params>
            <param index="0">
              <value>
                <![CDATA[https://classic.crmpro.com/index.html]]>
              </value>
            </param>
            <param index="1">
              <value>
                <![CDATA[firefox]]>
              </value>
            </param>
          </params>
          <reporter-output>
          </reporter-output>
        </test-method> <!-- lanchBrowser -->
        <test-method signature="testAddContact(java.lang.String, java.lang.String, java.lang.String, java.lang.String)[pri:0, instance:com.classiccrm.testcases.ContactPageTest@1e683a3e]" started-at="2019-04-05T13:40:04Z" name="testAddContact" data-provider="addContactData" finished-at="2019-04-05T13:40:11Z" duration-ms="6820" status="PASS">
          <params>
            <param index="0">
              <value>
                <![CDATA[Perry]]>
              </value>
            </param>
            <param index="1">
              <value>
                <![CDATA[Gozzard]]>
              </value>
            </param>
            <param index="2">
              <value>
                <![CDATA[Zooveo]]>
              </value>
            </param>
            <param index="3">
              <value>
                <![CDATA[Engineering]]>
              </value>
            </param>
          </params>
          <reporter-output>
          </reporter-output>
        </test-method> <!-- testAddContact -->
        <test-method is-config="true" signature="drop()[pri:0, instance:com.classiccrm.testcases.ContactPageTest@1e683a3e]" started-at="2019-04-05T13:40:11Z" name="drop" finished-at="2019-04-05T13:40:12Z" duration-ms="1756" status="PASS">
          <reporter-output>
          </reporter-output>
        </test-method> <!-- drop -->
      </class> <!-- com.classiccrm.testcases.ContactPageTest -->
    </test> <!-- Test -->
  </suite> <!-- End2End -->
</testng-results>
