<?xml version="1.0" encoding="UTF-8"?>
<testng-results skipped="0" failed="5" total="7" passed="2">
  <reporter-output>
  </reporter-output>
  <suite name="End2End" duration-ms="120169" started-at="2019-04-05T11:27:10Z" finished-at="2019-04-05T11:29:10Z">
    <groups>
    </groups>
    <test name="Test" duration-ms="120169" started-at="2019-04-05T11:27:10Z" finished-at="2019-04-05T11:29:10Z">
      <class name="com.classiccrm.testcases.LoginPageTest">
        <test-method status="PASS" signature="lanchBrowser(java.lang.String, java.lang.String)[pri:0, instance:com.classiccrm.testcases.LoginPageTest@627551fb]" name="lanchBrowser" is-config="true" duration-ms="14345" started-at="2019-04-05T13:27:11Z" finished-at="2019-04-05T13:27:25Z">
          <params>
            <param index="0">
              <value>
                <![CDATA[https://classic.crmpro.com/index.html]]>
              </value>
            </param>
            <param index="1">
              <value>
                <![CDATA[firefox]]>
              </value>
            </param>
          </params>
          <reporter-output>
          </reporter-output>
        </test-method> <!-- lanchBrowser -->
        <test-method status="PASS" signature="testLogin(java.lang.String, java.lang.String)[pri:0, instance:com.classiccrm.testcases.LoginPageTest@627551fb]" name="testLogin" duration-ms="4521" started-at="2019-04-05T13:27:25Z" data-provider="testLoginData" finished-at="2019-04-05T13:27:29Z">
          <params>
            <param index="0">
              <value>
                <![CDATA[rahaouitesting]]>
              </value>
            </param>
            <param index="1">
              <value>
                <![CDATA[Bmn123456]]>
              </value>
            </param>
          </params>
          <reporter-output>
          </reporter-output>
        </test-method> <!-- testLogin -->
        <test-method status="PASS" signature="drop()[pri:0, instance:com.classiccrm.testcases.LoginPageTest@627551fb]" name="drop" is-config="true" duration-ms="1876" started-at="2019-04-05T13:27:29Z" finished-at="2019-04-05T13:27:31Z">
          <reporter-output>
          </reporter-output>
        </test-method> <!-- drop -->
        <test-method status="PASS" signature="lanchBrowser(java.lang.String, java.lang.String)[pri:0, instance:com.classiccrm.testcases.LoginPageTest@627551fb]" name="lanchBrowser" is-config="true" duration-ms="11379" started-at="2019-04-05T13:27:31Z" finished-at="2019-04-05T13:27:43Z">
          <params>
            <param index="0">
              <value>
                <![CDATA[https://classic.crmpro.com/index.html]]>
              </value>
            </param>
            <param index="1">
              <value>
                <![CDATA[firefox]]>
              </value>
            </param>
          </params>
          <reporter-output>
          </reporter-output>
        </test-method> <!-- lanchBrowser -->
        <test-method status="FAIL" signature="testLogin(java.lang.String, java.lang.String)[pri:0, instance:com.classiccrm.testcases.LoginPageTest@627551fb]" name="testLogin" duration-ms="1719" started-at="2019-04-05T13:27:43Z" data-provider="testLoginData" finished-at="2019-04-05T13:27:44Z">
          <params>
            <param index="0">
              <value>
                <![CDATA[Incorrectuser]]>
              </value>
            </param>
            <param index="1">
              <value>
                <![CDATA[Bmn123456]]>
              </value>
            </param>
          </params>
          <exception class="org.openqa.selenium.NoSuchFrameException">
            <message>
              <![CDATA[No frame element found by name or id mainpanel
Build info: version: '3.13.0', revision: '2f0d292', time: '2018-06-25T15:24:21.231Z'
System info: host: 'BILAL-PC', ip: '192.168.1.6', os.name: 'Windows 10', os.arch: 'amd64', os.version: '10.0', java.version: '1.8.0_192'
Driver info: driver.version: unknown]]>
            </message>
            <full-stacktrace>
              <![CDATA[org.openqa.selenium.NoSuchFrameException: No frame element found by name or id mainpanel
Build info: version: '3.13.0', revision: '2f0d292', time: '2018-06-25T15:24:21.231Z'
System info: host: 'BILAL-PC', ip: '192.168.1.6', os.name: 'Windows 10', os.arch: 'amd64', os.version: '10.0', java.version: '1.8.0_192'
Driver info: driver.version: unknown
	at org.openqa.selenium.remote.RemoteWebDriver$RemoteTargetLocator.frame(RemoteWebDriver.java:881)
	at org.openqa.selenium.support.events.EventFiringWebDriver$EventFiringTargetLocator.frame(EventFiringWebDriver.java:701)
	at com.classiccrm.testcases.HomePageTest.loginTest(HomePageTest.java:60)
	at com.classiccrm.testcases.LoginPageTest.testLogin(LoginPageTest.java:29)
	at sun.reflect.NativeMethodAccessorImpl.invoke0(Native Method)
	at sun.reflect.NativeMethodAccessorImpl.invoke(Unknown Source)
	at sun.reflect.DelegatingMethodAccessorImpl.invoke(Unknown Source)
	at java.lang.reflect.Method.invoke(Unknown Source)
	at org.testng.internal.MethodInvocationHelper.invokeMethod(MethodInvocationHelper.java:84)
	at org.testng.internal.Invoker.invokeMethod(Invoker.java:714)
	at org.testng.internal.Invoker.invokeTestMethod(Invoker.java:901)
	at org.testng.internal.Invoker.invokeTestMethods(Invoker.java:1231)
	at org.testng.internal.TestMethodWorker.invokeTestMethods(TestMethodWorker.java:127)
	at org.testng.internal.TestMethodWorker.run(TestMethodWorker.java:111)
	at org.testng.TestRunner.privateRun(TestRunner.java:767)
	at org.testng.TestRunner.run(TestRunner.java:617)
	at org.testng.SuiteRunner.runTest(SuiteRunner.java:348)
	at org.testng.SuiteRunner.runSequentially(SuiteRunner.java:343)
	at org.testng.SuiteRunner.privateRun(SuiteRunner.java:305)
	at org.testng.SuiteRunner.run(SuiteRunner.java:254)
	at org.testng.SuiteRunnerWorker.runSuite(SuiteRunnerWorker.java:52)
	at org.testng.SuiteRunnerWorker.run(SuiteRunnerWorker.java:86)
	at org.testng.TestNG.runSuitesSequentially(TestNG.java:1224)
	at org.testng.TestNG.runSuitesLocally(TestNG.java:1149)
	at org.testng.TestNG.run(TestNG.java:1057)
	at org.testng.remote.AbstractRemoteTestNG.run(AbstractRemoteTestNG.java:115)
	at org.testng.remote.RemoteTestNG.initAndRun(RemoteTestNG.java:251)
	at org.testng.remote.RemoteTestNG.main(RemoteTestNG.java:77)
]]>
            </full-stacktrace>
          </exception> <!-- org.openqa.selenium.NoSuchFrameException -->
          <reporter-output>
          </reporter-output>
        </test-method> <!-- testLogin -->
        <test-method status="PASS" signature="drop()[pri:0, instance:com.classiccrm.testcases.LoginPageTest@627551fb]" name="drop" is-config="true" duration-ms="2835" started-at="2019-04-05T13:27:44Z" finished-at="2019-04-05T13:27:47Z">
          <reporter-output>
          </reporter-output>
        </test-method> <!-- drop -->
        <test-method status="PASS" signature="lanchBrowser(java.lang.String, java.lang.String)[pri:0, instance:com.classiccrm.testcases.LoginPageTest@627551fb]" name="lanchBrowser" is-config="true" duration-ms="11370" started-at="2019-04-05T13:27:47Z" finished-at="2019-04-05T13:27:59Z">
          <params>
            <param index="0">
              <value>
                <![CDATA[https://classic.crmpro.com/index.html]]>
              </value>
            </param>
            <param index="1">
              <value>
                <![CDATA[firefox]]>
              </value>
            </param>
          </params>
          <reporter-output>
          </reporter-output>
        </test-method> <!-- lanchBrowser -->
        <test-method status="FAIL" signature="testLogin(java.lang.String, java.lang.String)[pri:0, instance:com.classiccrm.testcases.LoginPageTest@627551fb]" name="testLogin" duration-ms="1842" started-at="2019-04-05T13:27:59Z" data-provider="testLoginData" finished-at="2019-04-05T13:28:00Z">
          <params>
            <param index="0">
              <value>
                <![CDATA[rahaouitesting]]>
              </value>
            </param>
            <param index="1">
              <value>
                <![CDATA[incorrect_password]]>
              </value>
            </param>
          </params>
          <exception class="org.openqa.selenium.NoSuchFrameException">
            <message>
              <![CDATA[No frame element found by name or id mainpanel
Build info: version: '3.13.0', revision: '2f0d292', time: '2018-06-25T15:24:21.231Z'
System info: host: 'BILAL-PC', ip: '192.168.1.6', os.name: 'Windows 10', os.arch: 'amd64', os.version: '10.0', java.version: '1.8.0_192'
Driver info: driver.version: unknown]]>
            </message>
            <full-stacktrace>
              <![CDATA[org.openqa.selenium.NoSuchFrameException: No frame element found by name or id mainpanel
Build info: version: '3.13.0', revision: '2f0d292', time: '2018-06-25T15:24:21.231Z'
System info: host: 'BILAL-PC', ip: '192.168.1.6', os.name: 'Windows 10', os.arch: 'amd64', os.version: '10.0', java.version: '1.8.0_192'
Driver info: driver.version: unknown
	at org.openqa.selenium.remote.RemoteWebDriver$RemoteTargetLocator.frame(RemoteWebDriver.java:881)
	at org.openqa.selenium.support.events.EventFiringWebDriver$EventFiringTargetLocator.frame(EventFiringWebDriver.java:701)
	at com.classiccrm.testcases.HomePageTest.loginTest(HomePageTest.java:60)
	at com.classiccrm.testcases.LoginPageTest.testLogin(LoginPageTest.java:29)
	at sun.reflect.NativeMethodAccessorImpl.invoke0(Native Method)
	at sun.reflect.NativeMethodAccessorImpl.invoke(Unknown Source)
	at sun.reflect.DelegatingMethodAccessorImpl.invoke(Unknown Source)
	at java.lang.reflect.Method.invoke(Unknown Source)
	at org.testng.internal.MethodInvocationHelper.invokeMethod(MethodInvocationHelper.java:84)
	at org.testng.internal.Invoker.invokeMethod(Invoker.java:714)
	at org.testng.internal.Invoker.invokeTestMethod(Invoker.java:901)
	at org.testng.internal.Invoker.invokeTestMethods(Invoker.java:1231)
	at org.testng.internal.TestMethodWorker.invokeTestMethods(TestMethodWorker.java:127)
	at org.testng.internal.TestMethodWorker.run(TestMethodWorker.java:111)
	at org.testng.TestRunner.privateRun(TestRunner.java:767)
	at org.testng.TestRunner.run(TestRunner.java:617)
	at org.testng.SuiteRunner.runTest(SuiteRunner.java:348)
	at org.testng.SuiteRunner.runSequentially(SuiteRunner.java:343)
	at org.testng.SuiteRunner.privateRun(SuiteRunner.java:305)
	at org.testng.SuiteRunner.run(SuiteRunner.java:254)
	at org.testng.SuiteRunnerWorker.runSuite(SuiteRunnerWorker.java:52)
	at org.testng.SuiteRunnerWorker.run(SuiteRunnerWorker.java:86)
	at org.testng.TestNG.runSuitesSequentially(TestNG.java:1224)
	at org.testng.TestNG.runSuitesLocally(TestNG.java:1149)
	at org.testng.TestNG.run(TestNG.java:1057)
	at org.testng.remote.AbstractRemoteTestNG.run(AbstractRemoteTestNG.java:115)
	at org.testng.remote.RemoteTestNG.initAndRun(RemoteTestNG.java:251)
	at org.testng.remote.RemoteTestNG.main(RemoteTestNG.java:77)
]]>
            </full-stacktrace>
          </exception> <!-- org.openqa.selenium.NoSuchFrameException -->
          <reporter-output>
          </reporter-output>
        </test-method> <!-- testLogin -->
        <test-method status="PASS" signature="drop()[pri:0, instance:com.classiccrm.testcases.LoginPageTest@627551fb]" name="drop" is-config="true" duration-ms="2042" started-at="2019-04-05T13:28:00Z" finished-at="2019-04-05T13:28:03Z">
          <reporter-output>
          </reporter-output>
        </test-method> <!-- drop -->
        <test-method status="PASS" signature="lanchBrowser(java.lang.String, java.lang.String)[pri:0, instance:com.classiccrm.testcases.LoginPageTest@627551fb]" name="lanchBrowser" is-config="true" duration-ms="12880" started-at="2019-04-05T13:28:03Z" finished-at="2019-04-05T13:28:15Z">
          <params>
            <param index="0">
              <value>
                <![CDATA[https://classic.crmpro.com/index.html]]>
              </value>
            </param>
            <param index="1">
              <value>
                <![CDATA[firefox]]>
              </value>
            </param>
          </params>
          <reporter-output>
          </reporter-output>
        </test-method> <!-- lanchBrowser -->
        <test-method status="FAIL" signature="testLogin(java.lang.String, java.lang.String)[pri:0, instance:com.classiccrm.testcases.LoginPageTest@627551fb]" name="testLogin" duration-ms="1736" started-at="2019-04-05T13:28:15Z" data-provider="testLoginData" finished-at="2019-04-05T13:28:17Z">
          <params>
            <param index="0">
              <value>
                <![CDATA[Incorrectuser]]>
              </value>
            </param>
            <param index="1">
              <value>
                <![CDATA[incorrect_password]]>
              </value>
            </param>
          </params>
          <exception class="org.openqa.selenium.NoSuchFrameException">
            <message>
              <![CDATA[No frame element found by name or id mainpanel
Build info: version: '3.13.0', revision: '2f0d292', time: '2018-06-25T15:24:21.231Z'
System info: host: 'BILAL-PC', ip: '192.168.1.6', os.name: 'Windows 10', os.arch: 'amd64', os.version: '10.0', java.version: '1.8.0_192'
Driver info: driver.version: unknown]]>
            </message>
            <full-stacktrace>
              <![CDATA[org.openqa.selenium.NoSuchFrameException: No frame element found by name or id mainpanel
Build info: version: '3.13.0', revision: '2f0d292', time: '2018-06-25T15:24:21.231Z'
System info: host: 'BILAL-PC', ip: '192.168.1.6', os.name: 'Windows 10', os.arch: 'amd64', os.version: '10.0', java.version: '1.8.0_192'
Driver info: driver.version: unknown
	at org.openqa.selenium.remote.RemoteWebDriver$RemoteTargetLocator.frame(RemoteWebDriver.java:881)
	at org.openqa.selenium.support.events.EventFiringWebDriver$EventFiringTargetLocator.frame(EventFiringWebDriver.java:701)
	at com.classiccrm.testcases.HomePageTest.loginTest(HomePageTest.java:60)
	at com.classiccrm.testcases.LoginPageTest.testLogin(LoginPageTest.java:29)
	at sun.reflect.NativeMethodAccessorImpl.invoke0(Native Method)
	at sun.reflect.NativeMethodAccessorImpl.invoke(Unknown Source)
	at sun.reflect.DelegatingMethodAccessorImpl.invoke(Unknown Source)
	at java.lang.reflect.Method.invoke(Unknown Source)
	at org.testng.internal.MethodInvocationHelper.invokeMethod(MethodInvocationHelper.java:84)
	at org.testng.internal.Invoker.invokeMethod(Invoker.java:714)
	at org.testng.internal.Invoker.invokeTestMethod(Invoker.java:901)
	at org.testng.internal.Invoker.invokeTestMethods(Invoker.java:1231)
	at org.testng.internal.TestMethodWorker.invokeTestMethods(TestMethodWorker.java:127)
	at org.testng.internal.TestMethodWorker.run(TestMethodWorker.java:111)
	at org.testng.TestRunner.privateRun(TestRunner.java:767)
	at org.testng.TestRunner.run(TestRunner.java:617)
	at org.testng.SuiteRunner.runTest(SuiteRunner.java:348)
	at org.testng.SuiteRunner.runSequentially(SuiteRunner.java:343)
	at org.testng.SuiteRunner.privateRun(SuiteRunner.java:305)
	at org.testng.SuiteRunner.run(SuiteRunner.java:254)
	at org.testng.SuiteRunnerWorker.runSuite(SuiteRunnerWorker.java:52)
	at org.testng.SuiteRunnerWorker.run(SuiteRunnerWorker.java:86)
	at org.testng.TestNG.runSuitesSequentially(TestNG.java:1224)
	at org.testng.TestNG.runSuitesLocally(TestNG.java:1149)
	at org.testng.TestNG.run(TestNG.java:1057)
	at org.testng.remote.AbstractRemoteTestNG.run(AbstractRemoteTestNG.java:115)
	at org.testng.remote.RemoteTestNG.initAndRun(RemoteTestNG.java:251)
	at org.testng.remote.RemoteTestNG.main(RemoteTestNG.java:77)
]]>
            </full-stacktrace>
          </exception> <!-- org.openqa.selenium.NoSuchFrameException -->
          <reporter-output>
          </reporter-output>
        </test-method> <!-- testLogin -->
        <test-method status="PASS" signature="drop()[pri:0, instance:com.classiccrm.testcases.LoginPageTest@627551fb]" name="drop" is-config="true" duration-ms="1805" started-at="2019-04-05T13:28:17Z" finished-at="2019-04-05T13:28:19Z">
          <reporter-output>
          </reporter-output>
        </test-method> <!-- drop -->
        <test-method status="PASS" signature="lanchBrowser(java.lang.String, java.lang.String)[pri:0, instance:com.classiccrm.testcases.LoginPageTest@627551fb]" name="lanchBrowser" is-config="true" duration-ms="12396" started-at="2019-04-05T13:28:19Z" finished-at="2019-04-05T13:28:31Z">
          <params>
            <param index="0">
              <value>
                <![CDATA[https://classic.crmpro.com/index.html]]>
              </value>
            </param>
            <param index="1">
              <value>
                <![CDATA[firefox]]>
              </value>
            </param>
          </params>
          <reporter-output>
          </reporter-output>
        </test-method> <!-- lanchBrowser -->
        <test-method status="PASS" signature="testLogin(java.lang.String, java.lang.String)[pri:0, instance:com.classiccrm.testcases.LoginPageTest@627551fb]" name="testLogin" duration-ms="5236" started-at="2019-04-05T13:28:31Z" data-provider="testLoginData" finished-at="2019-04-05T13:28:37Z">
          <params>
            <param index="0">
              <value>
                <![CDATA[hat2003]]>
              </value>
            </param>
            <param index="1">
              <value>
                <![CDATA[Test@123]]>
              </value>
            </param>
          </params>
          <reporter-output>
          </reporter-output>
        </test-method> <!-- testLogin -->
        <test-method status="PASS" signature="drop()[pri:0, instance:com.classiccrm.testcases.LoginPageTest@627551fb]" name="drop" is-config="true" duration-ms="1551" started-at="2019-04-05T13:28:37Z" finished-at="2019-04-05T13:28:38Z">
          <reporter-output>
          </reporter-output>
        </test-method> <!-- drop -->
        <test-method status="PASS" signature="lanchBrowser(java.lang.String, java.lang.String)[pri:0, instance:com.classiccrm.testcases.LoginPageTest@627551fb]" name="lanchBrowser" is-config="true" duration-ms="12555" started-at="2019-04-05T13:28:38Z" finished-at="2019-04-05T13:28:51Z">
          <params>
            <param index="0">
              <value>
                <![CDATA[https://classic.crmpro.com/index.html]]>
              </value>
            </param>
            <param index="1">
              <value>
                <![CDATA[firefox]]>
              </value>
            </param>
          </params>
          <reporter-output>
          </reporter-output>
        </test-method> <!-- lanchBrowser -->
        <test-method status="FAIL" signature="testLogin(java.lang.String, java.lang.String)[pri:0, instance:com.classiccrm.testcases.LoginPageTest@627551fb]" name="testLogin" duration-ms="1631" started-at="2019-04-05T13:28:51Z" data-provider="testLoginData" finished-at="2019-04-05T13:28:52Z">
          <params>
            <param index="0">
              <value>
                <![CDATA[Incorrectuser]]>
              </value>
            </param>
            <param index="1">
              <value>
                <![CDATA[Test@123]]>
              </value>
            </param>
          </params>
          <exception class="org.openqa.selenium.NoSuchFrameException">
            <message>
              <![CDATA[No frame element found by name or id mainpanel
Build info: version: '3.13.0', revision: '2f0d292', time: '2018-06-25T15:24:21.231Z'
System info: host: 'BILAL-PC', ip: '192.168.1.6', os.name: 'Windows 10', os.arch: 'amd64', os.version: '10.0', java.version: '1.8.0_192'
Driver info: driver.version: unknown]]>
            </message>
            <full-stacktrace>
              <![CDATA[org.openqa.selenium.NoSuchFrameException: No frame element found by name or id mainpanel
Build info: version: '3.13.0', revision: '2f0d292', time: '2018-06-25T15:24:21.231Z'
System info: host: 'BILAL-PC', ip: '192.168.1.6', os.name: 'Windows 10', os.arch: 'amd64', os.version: '10.0', java.version: '1.8.0_192'
Driver info: driver.version: unknown
	at org.openqa.selenium.remote.RemoteWebDriver$RemoteTargetLocator.frame(RemoteWebDriver.java:881)
	at org.openqa.selenium.support.events.EventFiringWebDriver$EventFiringTargetLocator.frame(EventFiringWebDriver.java:701)
	at com.classiccrm.testcases.HomePageTest.loginTest(HomePageTest.java:60)
	at com.classiccrm.testcases.LoginPageTest.testLogin(LoginPageTest.java:29)
	at sun.reflect.NativeMethodAccessorImpl.invoke0(Native Method)
	at sun.reflect.NativeMethodAccessorImpl.invoke(Unknown Source)
	at sun.reflect.DelegatingMethodAccessorImpl.invoke(Unknown Source)
	at java.lang.reflect.Method.invoke(Unknown Source)
	at org.testng.internal.MethodInvocationHelper.invokeMethod(MethodInvocationHelper.java:84)
	at org.testng.internal.Invoker.invokeMethod(Invoker.java:714)
	at org.testng.internal.Invoker.invokeTestMethod(Invoker.java:901)
	at org.testng.internal.Invoker.invokeTestMethods(Invoker.java:1231)
	at org.testng.internal.TestMethodWorker.invokeTestMethods(TestMethodWorker.java:127)
	at org.testng.internal.TestMethodWorker.run(TestMethodWorker.java:111)
	at org.testng.TestRunner.privateRun(TestRunner.java:767)
	at org.testng.TestRunner.run(TestRunner.java:617)
	at org.testng.SuiteRunner.runTest(SuiteRunner.java:348)
	at org.testng.SuiteRunner.runSequentially(SuiteRunner.java:343)
	at org.testng.SuiteRunner.privateRun(SuiteRunner.java:305)
	at org.testng.SuiteRunner.run(SuiteRunner.java:254)
	at org.testng.SuiteRunnerWorker.runSuite(SuiteRunnerWorker.java:52)
	at org.testng.SuiteRunnerWorker.run(SuiteRunnerWorker.java:86)
	at org.testng.TestNG.runSuitesSequentially(TestNG.java:1224)
	at org.testng.TestNG.runSuitesLocally(TestNG.java:1149)
	at org.testng.TestNG.run(TestNG.java:1057)
	at org.testng.remote.AbstractRemoteTestNG.run(AbstractRemoteTestNG.java:115)
	at org.testng.remote.RemoteTestNG.initAndRun(RemoteTestNG.java:251)
	at org.testng.remote.RemoteTestNG.main(RemoteTestNG.java:77)
]]>
            </full-stacktrace>
          </exception> <!-- org.openqa.selenium.NoSuchFrameException -->
          <reporter-output>
          </reporter-output>
        </test-method> <!-- testLogin -->
        <test-method status="PASS" signature="drop()[pri:0, instance:com.classiccrm.testcases.LoginPageTest@627551fb]" name="drop" is-config="true" duration-ms="1907" started-at="2019-04-05T13:28:52Z" finished-at="2019-04-05T13:28:54Z">
          <reporter-output>
          </reporter-output>
        </test-method> <!-- drop -->
        <test-method status="PASS" signature="lanchBrowser(java.lang.String, java.lang.String)[pri:0, instance:com.classiccrm.testcases.LoginPageTest@627551fb]" name="lanchBrowser" is-config="true" duration-ms="13086" started-at="2019-04-05T13:28:54Z" finished-at="2019-04-05T13:29:07Z">
          <params>
            <param index="0">
              <value>
                <![CDATA[https://classic.crmpro.com/index.html]]>
              </value>
            </param>
            <param index="1">
              <value>
                <![CDATA[firefox]]>
              </value>
            </param>
          </params>
          <reporter-output>
          </reporter-output>
        </test-method> <!-- lanchBrowser -->
        <test-method status="FAIL" signature="testLogin(java.lang.String, java.lang.String)[pri:0, instance:com.classiccrm.testcases.LoginPageTest@627551fb]" name="testLogin" duration-ms="1307" started-at="2019-04-05T13:29:07Z" data-provider="testLoginData" finished-at="2019-04-05T13:29:09Z">
          <params>
            <param index="0">
              <value>
                <![CDATA[hat2003]]>
              </value>
            </param>
            <param index="1">
              <value>
                <![CDATA[incorrect_password]]>
              </value>
            </param>
          </params>
          <exception class="org.openqa.selenium.NoSuchFrameException">
            <message>
              <![CDATA[No frame element found by name or id mainpanel
Build info: version: '3.13.0', revision: '2f0d292', time: '2018-06-25T15:24:21.231Z'
System info: host: 'BILAL-PC', ip: '192.168.1.6', os.name: 'Windows 10', os.arch: 'amd64', os.version: '10.0', java.version: '1.8.0_192'
Driver info: driver.version: unknown]]>
            </message>
            <full-stacktrace>
              <![CDATA[org.openqa.selenium.NoSuchFrameException: No frame element found by name or id mainpanel
Build info: version: '3.13.0', revision: '2f0d292', time: '2018-06-25T15:24:21.231Z'
System info: host: 'BILAL-PC', ip: '192.168.1.6', os.name: 'Windows 10', os.arch: 'amd64', os.version: '10.0', java.version: '1.8.0_192'
Driver info: driver.version: unknown
	at org.openqa.selenium.remote.RemoteWebDriver$RemoteTargetLocator.frame(RemoteWebDriver.java:881)
	at org.openqa.selenium.support.events.EventFiringWebDriver$EventFiringTargetLocator.frame(EventFiringWebDriver.java:701)
	at com.classiccrm.testcases.HomePageTest.loginTest(HomePageTest.java:60)
	at com.classiccrm.testcases.LoginPageTest.testLogin(LoginPageTest.java:29)
	at sun.reflect.NativeMethodAccessorImpl.invoke0(Native Method)
	at sun.reflect.NativeMethodAccessorImpl.invoke(Unknown Source)
	at sun.reflect.DelegatingMethodAccessorImpl.invoke(Unknown Source)
	at java.lang.reflect.Method.invoke(Unknown Source)
	at org.testng.internal.MethodInvocationHelper.invokeMethod(MethodInvocationHelper.java:84)
	at org.testng.internal.Invoker.invokeMethod(Invoker.java:714)
	at org.testng.internal.Invoker.invokeTestMethod(Invoker.java:901)
	at org.testng.internal.Invoker.invokeTestMethods(Invoker.java:1231)
	at org.testng.internal.TestMethodWorker.invokeTestMethods(TestMethodWorker.java:127)
	at org.testng.internal.TestMethodWorker.run(TestMethodWorker.java:111)
	at org.testng.TestRunner.privateRun(TestRunner.java:767)
	at org.testng.TestRunner.run(TestRunner.java:617)
	at org.testng.SuiteRunner.runTest(SuiteRunner.java:348)
	at org.testng.SuiteRunner.runSequentially(SuiteRunner.java:343)
	at org.testng.SuiteRunner.privateRun(SuiteRunner.java:305)
	at org.testng.SuiteRunner.run(SuiteRunner.java:254)
	at org.testng.SuiteRunnerWorker.runSuite(SuiteRunnerWorker.java:52)
	at org.testng.SuiteRunnerWorker.run(SuiteRunnerWorker.java:86)
	at org.testng.TestNG.runSuitesSequentially(TestNG.java:1224)
	at org.testng.TestNG.runSuitesLocally(TestNG.java:1149)
	at org.testng.TestNG.run(TestNG.java:1057)
	at org.testng.remote.AbstractRemoteTestNG.run(AbstractRemoteTestNG.java:115)
	at org.testng.remote.RemoteTestNG.initAndRun(RemoteTestNG.java:251)
	at org.testng.remote.RemoteTestNG.main(RemoteTestNG.java:77)
]]>
            </full-stacktrace>
          </exception> <!-- org.openqa.selenium.NoSuchFrameException -->
          <reporter-output>
          </reporter-output>
        </test-method> <!-- testLogin -->
        <test-method status="PASS" signature="drop()[pri:0, instance:com.classiccrm.testcases.LoginPageTest@627551fb]" name="drop" is-config="true" duration-ms="1630" started-at="2019-04-05T13:29:09Z" finished-at="2019-04-05T13:29:10Z">
          <reporter-output>
          </reporter-output>
        </test-method> <!-- drop -->
      </class> <!-- com.classiccrm.testcases.LoginPageTest -->
    </test> <!-- Test -->
  </suite> <!-- End2End -->
</testng-results>
